#
# There is insufficient memory for the Java Runtime Environment to continue.
# Native memory allocation (malloc) failed to allocate 66832 bytes for Chunk::new
# Possible reasons:
#   The system is out of physical RAM or swap space
#   In 32 bit mode, the process size limit was hit
# Possible solutions:
#   Reduce memory load on the system
#   Increase physical memory or swap space
#   Check if swap backing store is full
#   Use 64 bit Java on a 64 bit OS
#   Decrease Java heap size (-Xmx/-Xms)
#   Decrease number of Java threads
#   Decrease Java thread stack sizes (-Xss)
#   Set larger code cache with -XX:ReservedCodeCacheSize=
# This output file may be truncated or incomplete.
#
#  Out of Memory Error (allocation.cpp:390), pid=10732, tid=0x0000000000001b4c
#
# JRE version: Java(TM) SE Runtime Environment (8.0_131-b11) (build 1.8.0_131-b11)
# Java VM: Java HotSpot(TM) 64-Bit Server VM (25.131-b11 mixed mode windows-amd64 compressed oops)
# Failed to write core dump. Minidumps are not enabled by default on client versions of Windows
#

---------------  T H R E A D  ---------------

Current thread (0x00000000148c4000):  JavaThread "C2 CompilerThread0" daemon [_thread_in_native, id=6988, stack(0x0000000015f30000,0x0000000016030000)]

Stack: [0x0000000015f30000,0x0000000016030000]
[error occurred during error reporting (printing stack bounds), id 0xc0000005]

Native frames: (J=compiled Java code, j=interpreted, Vv=VM code, C=native code)


Current CompileTask:
C2:  23552 4522       4       java.util.AbstractCollection::containsAll (38 bytes)


---------------  P R O C E S S  ---------------

Java Threads: ( => current thread )
  0x00000000197bd800 JavaThread "DestroyJavaVM" [_thread_blocked, id=7048, stack(0x00000000008c0000,0x00000000009c0000)]
  0x00000000197c2000 JavaThread "http-nio-8080-AsyncTimeout" daemon [_thread_blocked, id=10352, stack(0x0000000020c90000,0x0000000020d90000)]
  0x00000000197c4000 JavaThread "http-nio-8080-Acceptor-0" daemon [_thread_in_native, id=5800, stack(0x0000000020b90000,0x0000000020c90000)]
  0x00000000197c2800 JavaThread "http-nio-8080-ClientPoller-1" daemon [_thread_in_native, id=6884, stack(0x0000000020a90000,0x0000000020b90000)]
  0x00000000197c3800 JavaThread "http-nio-8080-ClientPoller-0" daemon [_thread_in_native, id=10336, stack(0x0000000020990000,0x0000000020a90000)]
  0x00000000197be000 JavaThread "http-nio-8080-exec-10" daemon [_thread_blocked, id=1392, stack(0x0000000020890000,0x0000000020990000)]
  0x00000000148d7800 JavaThread "http-nio-8080-exec-9" daemon [_thread_blocked, id=3056, stack(0x0000000020790000,0x0000000020890000)]
  0x000000001b01b000 JavaThread "http-nio-8080-exec-8" daemon [_thread_blocked, id=11152, stack(0x0000000020690000,0x0000000020790000)]
  0x000000001b021000 JavaThread "http-nio-8080-exec-7" daemon [_thread_blocked, id=4276, stack(0x0000000020590000,0x0000000020690000)]
  0x000000001b01f800 JavaThread "http-nio-8080-exec-6" daemon [_thread_blocked, id=10608, stack(0x0000000020490000,0x0000000020590000)]
  0x000000001b01b800 JavaThread "http-nio-8080-exec-5" daemon [_thread_blocked, id=4268, stack(0x0000000020390000,0x0000000020490000)]
  0x000000001b01e000 JavaThread "http-nio-8080-exec-4" daemon [_thread_blocked, id=2488, stack(0x0000000020290000,0x0000000020390000)]
  0x000000001b01a000 JavaThread "http-nio-8080-exec-3" daemon [_thread_blocked, id=2076, stack(0x0000000020190000,0x0000000020290000)]
  0x000000001b01e800 JavaThread "http-nio-8080-exec-2" daemon [_thread_blocked, id=10116, stack(0x0000000020090000,0x0000000020190000)]
  0x000000001b01d000 JavaThread "http-nio-8080-exec-1" daemon [_thread_blocked, id=7200, stack(0x000000001ff90000,0x0000000020090000)]
  0x000000001b020000 JavaThread "NioBlockingSelector.BlockPoller-1" daemon [_thread_in_native, id=7968, stack(0x000000001fe90000,0x000000001ff90000)]
  0x000000001b01c800 JavaThread "File Watcher" daemon [_thread_blocked, id=5924, stack(0x000000001fb90000,0x000000001fc90000)]
  0x00000000148d6000 JavaThread "Live Reload Server" daemon [_thread_in_native, id=1404, stack(0x000000001f690000,0x000000001f790000)]
  0x00000000148d5000 JavaThread "HikariPool-1 housekeeper" daemon [_thread_blocked, id=9644, stack(0x000000001eb90000,0x000000001ec90000)]
  0x00000000148d4800 JavaThread "Abandoned connection cleanup thread" daemon [_thread_blocked, id=8336, stack(0x000000001e2d0000,0x000000001e3d0000)]
  0x00000000148d6800 JavaThread "container-0" [_thread_blocked, id=10196, stack(0x000000001e0c0000,0x000000001e1c0000)]
  0x00000000148d3800 JavaThread "ContainerBackgroundProcessor[StandardEngine[Tomcat]]" daemon [_thread_blocked, id=11140, stack(0x00000000195a0000,0x00000000196a0000)]
  0x0000000016268800 JavaThread "Service Thread" daemon [_thread_blocked, id=11168, stack(0x0000000016630000,0x0000000016730000)]
  0x00000000148d0800 JavaThread "C1 CompilerThread2" daemon [_thread_blocked, id=11188, stack(0x0000000016130000,0x0000000016230000)]
  0x00000000148c9800 JavaThread "C2 CompilerThread1" daemon [_thread_blocked, id=3096, stack(0x0000000016030000,0x0000000016130000)]
=>0x00000000148c4000 JavaThread "C2 CompilerThread0" daemon [_thread_in_native, id=6988, stack(0x0000000015f30000,0x0000000016030000)]
  0x00000000148c2000 JavaThread "Attach Listener" daemon [_thread_blocked, id=11084, stack(0x0000000015e30000,0x0000000015f30000)]
  0x00000000148c0800 JavaThread "Signal Dispatcher" daemon [_thread_blocked, id=11088, stack(0x0000000015d30000,0x0000000015e30000)]
  0x00000000148aa000 JavaThread "Finalizer" daemon [_thread_blocked, id=11116, stack(0x0000000015b20000,0x0000000015c20000)]
  0x0000000002273000 JavaThread "Reference Handler" daemon [_thread_blocked, id=11108, stack(0x0000000015a20000,0x0000000015b20000)]

Other Threads:
  0x0000000014887800 VMThread [stack: 0x0000000015920000,0x0000000015a20000] [id=11104]
  0x000000001628d800 WatcherThread [stack: 0x0000000016880000,0x0000000016980000] [id=11172]

VM state:not at safepoint (normal execution)

VM Mutex/Monitor currently owned by a thread: None

Heap:
 PSYoungGen      total 167936K, used 68152K [0x00000000eb500000, 0x00000000fa580000, 0x0000000100000000)
  eden space 154112K, 35% used [0x00000000eb500000,0x00000000eea0fa20,0x00000000f4b80000)
  from space 13824K, 99% used [0x00000000f4b80000,0x00000000f58fe950,0x00000000f5900000)
  to   space 18432K, 0% used [0x00000000f9380000,0x00000000f9380000,0x00000000fa580000)
 ParOldGen       total 50688K, used 24664K [0x00000000c1e00000, 0x00000000c4f80000, 0x00000000eb500000)
  object space 50688K, 48% used [0x00000000c1e00000,0x00000000c3616278,0x00000000c4f80000)
 Metaspace       used 54798K, capacity 57354K, committed 57472K, reserved 1099776K
  class space    used 7583K, capacity 8043K, committed 8064K, reserved 1048576K

Card table byte_map: [0x00000000116c0000,0x00000000118c0000] byte_map_base: 0x00000000110b1000

Marking Bits: (ParMarkBitMap*) 0x000000006ea0c720
 Begin Bits: [0x0000000011e10000, 0x0000000012d98000)
 End Bits:   [0x0000000012d98000, 0x0000000013d20000)

Polling page: 0x0000000000750000

CodeCache: size=245760Kb used=14878Kb max_used=14934Kb free=230881Kb
 bounds [0x0000000002300000, 0x00000000031b0000, 0x0000000011300000]
 total_blobs=4523 nmethods=3999 adapters=435
 compilation: enabled

Compilation events (10 events):
Event: 14.566 Thread 0x00000000148c9800 nmethod 4249 0x0000000002495f10 code [0x0000000002496060, 0x00000000024961a8]
Event: 17.947 Thread 0x00000000148d0800 4518       3       java.io.File::isFile (43 bytes)
Event: 17.948 Thread 0x00000000148d0800 nmethod 4518 0x00000000025ed190 code [0x00000000025ed320, 0x00000000025ed7a8]
Event: 18.347 Thread 0x00000000148d0800 4519       3       java.io.File::hashCode (8 bytes)
Event: 18.348 Thread 0x00000000148d0800 nmethod 4519 0x0000000002426d10 code [0x0000000002426ea0, 0x0000000002427218]
Event: 18.349 Thread 0x00000000148d0800 4520       3       java.io.WinNTFileSystem::hashCode (17 bytes)
Event: 18.349 Thread 0x00000000148d0800 nmethod 4520 0x0000000003187f90 code [0x0000000003188100, 0x0000000003188418]
Event: 19.359 Thread 0x00000000148d0800 4521       3       java.lang.Long::hashCode (8 bytes)
Event: 19.359 Thread 0x00000000148d0800 nmethod 4521 0x00000000025ece50 code [0x00000000025ecfa0, 0x00000000025ed0f0]
Event: 23.410 Thread 0x00000000148c4000 4522       4       java.util.AbstractCollection::containsAll (38 bytes)

GC Heap History (10 events):
Event: 3.142 GC heap before
{Heap before GC invocations=9 (full 1):
 PSYoungGen      total 70656K, used 63998K [0x00000000eb500000, 0x00000000f4300000, 0x0000000100000000)
  eden space 64000K, 99% used [0x00000000eb500000,0x00000000ef37f9b8,0x00000000ef380000)
  from space 6656K, 0% used [0x00000000ef380000,0x00000000ef380000,0x00000000efa00000)
  to   space 8704K, 0% used [0x00000000f3a80000,0x00000000f3a80000,0x00000000f4300000)
 ParOldGen       total 32256K, used 8838K [0x00000000c1e00000, 0x00000000c3d80000, 0x00000000eb500000)
  object space 32256K, 27% used [0x00000000c1e00000,0x00000000c26a1898,0x00000000c3d80000)
 Metaspace       used 23223K, capacity 23842K, committed 23936K, reserved 1071104K
  class space    used 3014K, capacity 3184K, committed 3200K, reserved 1048576K
Event: 3.151 GC heap after
Heap after GC invocations=9 (full 1):
 PSYoungGen      total 114176K, used 3309K [0x00000000eb500000, 0x00000000f3e00000, 0x0000000100000000)
  eden space 110592K, 0% used [0x00000000eb500000,0x00000000eb500000,0x00000000f2100000)
  from space 3584K, 92% used [0x00000000f3a80000,0x00000000f3dbb5a0,0x00000000f3e00000)
  to   space 8704K, 0% used [0x00000000f2d00000,0x00000000f2d00000,0x00000000f3580000)
 ParOldGen       total 32256K, used 8910K [0x00000000c1e00000, 0x00000000c3d80000, 0x00000000eb500000)
  object space 32256K, 27% used [0x00000000c1e00000,0x00000000c26b38a8,0x00000000c3d80000)
 Metaspace       used 23223K, capacity 23842K, committed 23936K, reserved 1071104K
  class space    used 3014K, capacity 3184K, committed 3200K, reserved 1048576K
}
Event: 6.766 GC heap before
{Heap before GC invocations=10 (full 1):
 PSYoungGen      total 114176K, used 113901K [0x00000000eb500000, 0x00000000f3e00000, 0x0000000100000000)
  eden space 110592K, 100% used [0x00000000eb500000,0x00000000f2100000,0x00000000f2100000)
  from space 3584K, 92% used [0x00000000f3a80000,0x00000000f3dbb5a0,0x00000000f3e00000)
  to   space 8704K, 0% used [0x00000000f2d00000,0x00000000f2d00000,0x00000000f3580000)
 ParOldGen       total 32256K, used 8910K [0x00000000c1e00000, 0x00000000c3d80000, 0x00000000eb500000)
  object space 32256K, 27% used [0x00000000c1e00000,0x00000000c26b38a8,0x00000000c3d80000)
 Metaspace       used 30928K, capacity 32450K, committed 32640K, reserved 1077248K
  class space    used 4092K, capacity 4379K, committed 4480K, reserved 1048576K
Event: 6.790 GC heap after
Heap after GC invocations=10 (full 1):
 PSYoungGen      total 131584K, used 8696K [0x00000000eb500000, 0x00000000f6500000, 0x0000000100000000)
  eden space 122880K, 0% used [0x00000000eb500000,0x00000000eb500000,0x00000000f2d00000)
  from space 8704K, 99% used [0x00000000f2d00000,0x00000000f357e3e8,0x00000000f3580000)
  to   space 12288K, 0% used [0x00000000f5900000,0x00000000f5900000,0x00000000f6500000)
 ParOldGen       total 32256K, used 15049K [0x00000000c1e00000, 0x00000000c3d80000, 0x00000000eb500000)
  object space 32256K, 46% used [0x00000000c1e00000,0x00000000c2cb2508,0x00000000c3d80000)
 Metaspace       used 30928K, capacity 32450K, committed 32640K, reserved 1077248K
  class space    used 4092K, capacity 4379K, committed 4480K, reserved 1048576K
}
Event: 7.954 GC heap before
{Heap before GC invocations=11 (full 1):
 PSYoungGen      total 131584K, used 103739K [0x00000000eb500000, 0x00000000f6500000, 0x0000000100000000)
  eden space 122880K, 77% used [0x00000000eb500000,0x00000000f11d0bb8,0x00000000f2d00000)
  from space 8704K, 99% used [0x00000000f2d00000,0x00000000f357e3e8,0x00000000f3580000)
  to   space 12288K, 0% used [0x00000000f5900000,0x00000000f5900000,0x00000000f6500000)
 ParOldGen       total 32256K, used 15049K [0x00000000c1e00000, 0x00000000c3d80000, 0x00000000eb500000)
  object space 32256K, 46% used [0x00000000c1e00000,0x00000000c2cb2508,0x00000000c3d80000)
 Metaspace       used 33780K, capacity 35378K, committed 35456K, reserved 1079296K
  class space    used 4412K, capacity 4719K, committed 4736K, reserved 1048576K
Event: 7.971 GC heap after
Heap after GC invocations=11 (full 1):
 PSYoungGen      total 166400K, used 10826K [0x00000000eb500000, 0x00000000f7600000, 0x0000000100000000)
  eden space 154112K, 0% used [0x00000000eb500000,0x00000000eb500000,0x00000000f4b80000)
  from space 12288K, 88% used [0x00000000f5900000,0x00000000f6392878,0x00000000f6500000)
  to   space 13824K, 0% used [0x00000000f4b80000,0x00000000f4b80000,0x00000000f5900000)
 ParOldGen       total 32256K, used 16898K [0x00000000c1e00000, 0x00000000c3d80000, 0x00000000eb500000)
  object space 32256K, 52% used [0x00000000c1e00000,0x00000000c2e80a28,0x00000000c3d80000)
 Metaspace       used 33780K, capacity 35378K, committed 35456K, reserved 1079296K
  class space    used 4412K, capacity 4719K, committed 4736K, reserved 1048576K
}
Event: 7.971 GC heap before
{Heap before GC invocations=12 (full 2):
 PSYoungGen      total 166400K, used 10826K [0x00000000eb500000, 0x00000000f7600000, 0x0000000100000000)
  eden space 154112K, 0% used [0x00000000eb500000,0x00000000eb500000,0x00000000f4b80000)
  from space 12288K, 88% used [0x00000000f5900000,0x00000000f6392878,0x00000000f6500000)
  to   space 13824K, 0% used [0x00000000f4b80000,0x00000000f4b80000,0x00000000f5900000)
 ParOldGen       total 32256K, used 16898K [0x00000000c1e00000, 0x00000000c3d80000, 0x00000000eb500000)
  object space 32256K, 52% used [0x00000000c1e00000,0x00000000c2e80a28,0x00000000c3d80000)
 Metaspace       used 33780K, capacity 35378K, committed 35456K, reserved 1079296K
  class space    used 4412K, capacity 4719K, committed 4736K, reserved 1048576K
Event: 8.066 GC heap after
Heap after GC invocations=12 (full 2):
 PSYoungGen      total 166400K, used 0K [0x00000000eb500000, 0x00000000f7600000, 0x0000000100000000)
  eden space 154112K, 0% used [0x00000000eb500000,0x00000000eb500000,0x00000000f4b80000)
  from space 12288K, 0% used [0x00000000f5900000,0x00000000f5900000,0x00000000f6500000)
  to   space 13824K, 0% used [0x00000000f4b80000,0x00000000f4b80000,0x00000000f5900000)
 ParOldGen       total 50688K, used 17704K [0x00000000c1e00000, 0x00000000c4f80000, 0x00000000eb500000)
  object space 50688K, 34% used [0x00000000c1e00000,0x00000000c2f4a210,0x00000000c4f80000)
 Metaspace       used 33780K, capacity 35378K, committed 35456K, reserved 1079296K
  class space    used 4412K, capacity 4719K, committed 4736K, reserved 1048576K
}
Event: 13.328 GC heap before
{Heap before GC invocations=13 (full 2):
 PSYoungGen      total 166400K, used 154112K [0x00000000eb500000, 0x00000000f7600000, 0x0000000100000000)
  eden space 154112K, 100% used [0x00000000eb500000,0x00000000f4b80000,0x00000000f4b80000)
  from space 12288K, 0% used [0x00000000f5900000,0x00000000f5900000,0x00000000f6500000)
  to   space 13824K, 0% used [0x00000000f4b80000,0x00000000f4b80000,0x00000000f5900000)
 ParOldGen       total 50688K, used 17704K [0x00000000c1e00000, 0x00000000c4f80000, 0x00000000eb500000)
  object space 50688K, 34% used [0x00000000c1e00000,0x00000000c2f4a210,0x00000000c4f80000)
 Metaspace       used 52380K, capacity 54614K, committed 54784K, reserved 1095680K
  class space    used 7233K, capacity 7641K, committed 7680K, reserved 1048576K
Event: 13.356 GC heap after
Heap after GC invocations=13 (full 2):
 PSYoungGen      total 167936K, used 13818K [0x00000000eb500000, 0x00000000fa580000, 0x0000000100000000)
  eden space 154112K, 0% used [0x00000000eb500000,0x00000000eb500000,0x00000000f4b80000)
  from space 13824K, 99% used [0x00000000f4b80000,0x00000000f58fe950,0x00000000f5900000)
  to   space 18432K, 0% used [0x00000000f9380000,0x00000000f9380000,0x00000000fa580000)
 ParOldGen       total 50688K, used 24664K [0x00000000c1e00000, 0x00000000c4f80000, 0x00000000eb500000)
  object space 50688K, 48% used [0x00000000c1e00000,0x00000000c3616278,0x00000000c4f80000)
 Metaspace       used 52380K, capacity 54614K, committed 54784K, reserved 1095680K
  class space    used 7233K, capacity 7641K, committed 7680K, reserved 1048576K
}

Deoptimization events (10 events):
Event: 13.939 Thread 0x000000001737e800 Uncommon trap: reason=unstable_if action=reinterpret pc=0x00000000026f237c method=java.util.concurrent.ConcurrentHashMap.transfer([Ljava/util/concurrent/ConcurrentHashMap$Node;[Ljava/util/concurrent/ConcurrentHashMap$Node;)V @ 356
Event: 14.026 Thread 0x000000001737e800 Uncommon trap: reason=unstable_if action=reinterpret pc=0x00000000029165b8 method=java.io.WinNTFileSystem.isLetter(C)Z @ 3
Event: 14.352 Thread 0x000000001737e800 Uncommon trap: reason=unstable_if action=reinterpret pc=0x0000000002e04d54 method=org.springframework.util.ConcurrentReferenceHashMap$Segment.clear()V @ 4
Event: 14.479 Thread 0x000000001737e800 Uncommon trap: reason=bimorphic action=maybe_recompile pc=0x0000000002ef20f0 method=java.util.Hashtable.get(Ljava/lang/Object;)Ljava/lang/Object; @ 6
Event: 14.479 Thread 0x000000001737e800 Uncommon trap: reason=bimorphic action=maybe_recompile pc=0x0000000002ef20f0 method=java.util.Hashtable.get(Ljava/lang/Object;)Ljava/lang/Object; @ 6
Event: 14.482 Thread 0x000000001737e800 Uncommon trap: reason=class_check action=maybe_recompile pc=0x0000000003135a90 method=org.springframework.util.ConcurrentReferenceHashMap$ReferenceManager.pollForPurge()Lorg/springframework/util/ConcurrentReferenceHashMap$Reference; @ 7
Event: 15.313 Thread 0x000000001b01c800 Uncommon trap: reason=class_check action=maybe_recompile pc=0x00000000026922f8 method=java.util.AbstractCollection.containsAll(Ljava/util/Collection;)Z @ 1
Event: 15.313 Thread 0x000000001b01c800 Uncommon trap: reason=class_check action=maybe_recompile pc=0x00000000026922f8 method=java.util.AbstractCollection.containsAll(Ljava/util/Collection;)Z @ 1
Event: 15.313 Thread 0x000000001b01c800 Uncommon trap: reason=class_check action=maybe_recompile pc=0x00000000026922f8 method=java.util.AbstractCollection.containsAll(Ljava/util/Collection;)Z @ 1
Event: 15.313 Thread 0x000000001b01c800 Uncommon trap: reason=class_check action=maybe_recompile pc=0x00000000026922f8 method=java.util.AbstractCollection.containsAll(Ljava/util/Collection;)Z @ 1

Internal exceptions (10 events):
Event: 13.270 Thread 0x000000001737e800 Exception <a 'java/lang/ClassNotFoundException': org/springframework/web/servlet/config/annotation/DelegatingWebMvcConfigurationCustomizer> (0x00000000f47f5eb0) thrown at [C:\re\workspace\8-2-build-windows-amd64-cygwin\jdk8u131\8869\hotspot\src\share\vm\c
Event: 13.272 Thread 0x000000001737e800 Exception <a 'java/lang/ClassNotFoundException': org/springframework/boot/autoconfigure/web/servlet/WebMvcAutoConfiguration$EnableWebMvcConfigurationCustomizer> (0x00000000f481ab08) thrown at [C:\re\workspace\8-2-build-windows-amd64-cygwin\jdk8u131\8869\h
Event: 13.274 Thread 0x000000001737e800 Exception <a 'java/lang/ClassNotFoundException': org/springframework/boot/autoconfigure/web/servlet/WebMvcAutoConfiguration$EnableWebMvcConfiguration$$EnhancerBySpringCGLIB$$9df675ddCustomizer> (0x00000000f484a118) thrown at [C:\re\workspace\8-2-build-win
Event: 13.276 Thread 0x000000001737e800 Exception <a 'java/lang/ClassNotFoundException': org/springframework/context/annotation/ConfigurationClassEnhancer$EnhancedConfigurationCustomizer> (0x00000000f4886c80) thrown at [C:\re\workspace\8-2-build-windows-amd64-cygwin\jdk8u131\8869\hotspot\src\sh
Event: 13.277 Thread 0x000000001737e800 Exception <a 'java/lang/ClassNotFoundException': org/springframework/beans/factory/BeanFactoryAwareCustomizer> (0x00000000f489b228) thrown at [C:\re\workspace\8-2-build-windows-amd64-cygwin\jdk8u131\8869\hotspot\src\share\vm\classfile\systemDictionary.cpp
Event: 13.278 Thread 0x000000001737e800 Exception <a 'java/lang/ClassNotFoundException': org/springframework/beans/factory/AwareCustomizer> (0x00000000f48ae248) thrown at [C:\re\workspace\8-2-build-windows-amd64-cygwin\jdk8u131\8869\hotspot\src\share\vm\classfile\systemDictionary.cpp, line 210]
Event: 13.279 Thread 0x000000001737e800 Exception <a 'java/lang/ClassNotFoundException': org/springframework/context/ApplicationContextAwareCustomizer> (0x00000000f48c2ab0) thrown at [C:\re\workspace\8-2-build-windows-amd64-cygwin\jdk8u131\8869\hotspot\src\share\vm\classfile\systemDictionary.cp
Event: 13.280 Thread 0x000000001737e800 Exception <a 'java/lang/ClassNotFoundException': org/springframework/beans/factory/AwareCustomizer> (0x00000000f48d5bd0) thrown at [C:\re\workspace\8-2-build-windows-amd64-cygwin\jdk8u131\8869\hotspot\src\share\vm\classfile\systemDictionary.cpp, line 210]
Event: 13.281 Thread 0x000000001737e800 Exception <a 'java/lang/ClassNotFoundException': org/springframework/web/context/ServletContextAwareCustomizer> (0x00000000f48ea420) thrown at [C:\re\workspace\8-2-build-windows-amd64-cygwin\jdk8u131\8869\hotspot\src\share\vm\classfile\systemDictionary.cp
Event: 13.282 Thread 0x000000001737e800 Exception <a 'java/lang/ClassNotFoundException': org/springframework/beans/factory/AwareCustomizer> (0x00000000f48fcfb0) thrown at [C:\re\workspace\8-2-build-windows-amd64-cygwin\jdk8u131\8869\hotspot\src\share\vm\classfile\systemDictionary.cpp, line 210]

Events (10 events):
Event: 18.161 Executing VM operation: RevokeBias done
Event: 18.161 Executing VM operation: RevokeBias
Event: 18.161 Executing VM operation: RevokeBias done
Event: 18.161 loading class org/apache/tomcat/PeriodicEventListener
Event: 18.161 loading class org/apache/tomcat/PeriodicEventListener done
Event: 18.162 Executing VM operation: RevokeBias
Event: 18.162 Executing VM operation: RevokeBias done
Event: 18.162 Executing VM operation: RevokeBias
Event: 18.162 Executing VM operation: RevokeBias done
Event: 18.350 Thread 0x00000000148d0800 flushing nmethod 0x0000000002a27910


Dynamic libraries:
0x00007ff691730000 - 0x00007ff691767000 	C:\Program Files\Java\jre1.8.0_131\bin\javaw.exe
0x00007ffd0b450000 - 0x00007ffd0b631000 	C:\WINDOWS\SYSTEM32\ntdll.dll
0x00007ffcf3720000 - 0x00007ffcf3734000 	C:\Program Files\AVAST Software\Avast\x64\aswhooka.dll
0x00007ffd0a420000 - 0x00007ffd0a4d2000 	C:\WINDOWS\System32\KERNEL32.DLL
0x00007ffd08610000 - 0x00007ffd08883000 	C:\WINDOWS\System32\KERNELBASE.dll
0x00007ffd0a4e0000 - 0x00007ffd0a581000 	C:\WINDOWS\System32\ADVAPI32.dll
0x00007ffd0b290000 - 0x00007ffd0b32e000 	C:\WINDOWS\System32\msvcrt.dll
0x00007ffd0aa10000 - 0x00007ffd0aa6b000 	C:\WINDOWS\System32\sechost.dll
0x00007ffd08d00000 - 0x00007ffd08e24000 	C:\WINDOWS\System32\RPCRT4.dll
0x00007ffd0ab50000 - 0x00007ffd0ace0000 	C:\WINDOWS\System32\USER32.dll
0x00007ffd08320000 - 0x00007ffd08340000 	C:\WINDOWS\System32\win32u.dll
0x00007ffd0a3f0000 - 0x00007ffd0a418000 	C:\WINDOWS\System32\GDI32.dll
0x00007ffd08340000 - 0x00007ffd084d2000 	C:\WINDOWS\System32\gdi32full.dll
0x00007ffd07a70000 - 0x00007ffd07b0f000 	C:\WINDOWS\System32\msvcp_win.dll
0x00007ffd08220000 - 0x00007ffd0831a000 	C:\WINDOWS\System32\ucrtbase.dll
0x00007ffcf9570000 - 0x00007ffcf97d9000 	C:\WINDOWS\WinSxS\amd64_microsoft.windows.common-controls_6595b64144ccf1df_6.0.17134.345_none_fb429a5930656358\COMCTL32.dll
0x00007ffd0a660000 - 0x00007ffd0a983000 	C:\WINDOWS\System32\combase.dll
0x00007ffd084e0000 - 0x00007ffd0855a000 	C:\WINDOWS\System32\bcryptPrimitives.dll
0x00007ffd0a590000 - 0x00007ffd0a5bd000 	C:\WINDOWS\System32\IMM32.DLL
0x000000006e110000 - 0x000000006e1e2000 	C:\Program Files\Java\jre1.8.0_131\bin\msvcr100.dll
0x000000006e1f0000 - 0x000000006ea8c000 	C:\Program Files\Java\jre1.8.0_131\bin\server\jvm.dll
0x00007ffd08b60000 - 0x00007ffd08b68000 	C:\WINDOWS\System32\PSAPI.DLL
0x00007ffcfd970000 - 0x00007ffcfd979000 	C:\WINDOWS\SYSTEM32\WSOCK32.dll
0x00007ffd0a990000 - 0x00007ffd0a9fc000 	C:\WINDOWS\System32\WS2_32.dll
0x00007ffd053f0000 - 0x00007ffd05413000 	C:\WINDOWS\SYSTEM32\WINMM.dll
0x00007ffcfa7a0000 - 0x00007ffcfa7aa000 	C:\WINDOWS\SYSTEM32\VERSION.dll
0x00007ffd04df0000 - 0x00007ffd04e1a000 	C:\WINDOWS\SYSTEM32\WINMMBASE.dll
0x00007ffd08890000 - 0x00007ffd088d9000 	C:\WINDOWS\System32\cfgmgr32.dll
0x000000006e100000 - 0x000000006e10f000 	C:\Program Files\Java\jre1.8.0_131\bin\verify.dll
0x000000006e0d0000 - 0x000000006e0f9000 	C:\Program Files\Java\jre1.8.0_131\bin\java.dll
0x000000006e0b0000 - 0x000000006e0c6000 	C:\Program Files\Java\jre1.8.0_131\bin\zip.dll
0x00007ffd08e30000 - 0x00007ffd0a26f000 	C:\WINDOWS\System32\SHELL32.dll
0x00007ffd08b70000 - 0x00007ffd08c19000 	C:\WINDOWS\System32\shcore.dll
0x00007ffd07b10000 - 0x00007ffd0821d000 	C:\WINDOWS\System32\windows.storage.dll
0x00007ffd088e0000 - 0x00007ffd08931000 	C:\WINDOWS\System32\shlwapi.dll
0x00007ffd07770000 - 0x00007ffd07781000 	C:\WINDOWS\System32\kernel.appcore.dll
0x00007ffd07790000 - 0x00007ffd077af000 	C:\WINDOWS\System32\profapi.dll
0x00007ffd077d0000 - 0x00007ffd0781c000 	C:\WINDOWS\System32\powrprof.dll
0x00007ffd07760000 - 0x00007ffd0776a000 	C:\WINDOWS\System32\FLTLIB.DLL
0x000000006e020000 - 0x000000006e02d000 	C:\Program Files\Java\jre1.8.0_131\bin\management.dll
0x000000006e090000 - 0x000000006e0aa000 	C:\Program Files\Java\jre1.8.0_131\bin\net.dll
0x00007ffd06fe0000 - 0x00007ffd07046000 	C:\WINDOWS\system32\mswsock.dll
0x00007ffcfd0e0000 - 0x00007ffcfd0f6000 	C:\WINDOWS\system32\napinsp.dll
0x00007ffcfd0c0000 - 0x00007ffcfd0da000 	C:\WINDOWS\system32\pnrpnsp.dll
0x00007ffd040b0000 - 0x00007ffd040c9000 	C:\WINDOWS\system32\NLAapi.dll
0x00007ffd06da0000 - 0x00007ffd06e5e000 	C:\WINDOWS\SYSTEM32\DNSAPI.dll
0x00007ffd0ab40000 - 0x00007ffd0ab48000 	C:\WINDOWS\System32\NSI.dll
0x00007ffd06d60000 - 0x00007ffd06d98000 	C:\WINDOWS\SYSTEM32\IPHLPAPI.DLL
0x00007ffd03630000 - 0x00007ffd0363e000 	C:\WINDOWS\System32\winrnr.dll
0x00007ffcffa40000 - 0x00007ffcffa55000 	C:\WINDOWS\System32\wshbth.dll
0x00007ffcfeaf0000 - 0x00007ffcfeafa000 	C:\Windows\System32\rasadhlp.dll
0x00007ffcfebf0000 - 0x00007ffcfec62000 	C:\WINDOWS\System32\fwpuclnt.dll
0x00007ffd072c0000 - 0x00007ffd072e5000 	C:\WINDOWS\SYSTEM32\bcrypt.dll
0x000000006e070000 - 0x000000006e081000 	C:\Program Files\Java\jre1.8.0_131\bin\nio.dll
0x00007ffd07190000 - 0x00007ffd071a7000 	C:\WINDOWS\SYSTEM32\CRYPTSP.dll
0x00007ffd06b60000 - 0x00007ffd06b93000 	C:\WINDOWS\system32\rsaenh.dll
0x00007ffd07660000 - 0x00007ffd07688000 	C:\WINDOWS\SYSTEM32\USERENV.dll
0x00007ffd071b0000 - 0x00007ffd071bb000 	C:\WINDOWS\SYSTEM32\CRYPTBASE.dll
0x00007ffcff790000 - 0x00007ffcff7a6000 	C:\WINDOWS\SYSTEM32\dhcpcsvc6.DLL
0x00007ffcff840000 - 0x00007ffcff85a000 	C:\WINDOWS\SYSTEM32\dhcpcsvc.DLL

VM Arguments:
jvm_args: -Dfile.encoding=UTF-8 
java_command: com.produtos.apirest.ApirestApplication
java_class_path (initial): C:\Program Files\Java\jre1.8.0_131\lib\resources.jar;C:\Program Files\Java\jre1.8.0_131\lib\rt.jar;C:\Program Files\Java\jre1.8.0_131\lib\jsse.jar;C:\Program Files\Java\jre1.8.0_131\lib\jce.jar;C:\Program Files\Java\jre1.8.0_131\lib\charsets.jar;C:\Program Files\Java\jre1.8.0_131\lib\jfr.jar;C:\Program Files\Java\jre1.8.0_131\lib\ext\access-bridge-64.jar;C:\Program Files\Java\jre1.8.0_131\lib\ext\cldrdata.jar;C:\Program Files\Java\jre1.8.0_131\lib\ext\dnsns.jar;C:\Program Files\Java\jre1.8.0_131\lib\ext\jaccess.jar;C:\Program Files\Java\jre1.8.0_131\lib\ext\jfxrt.jar;C:\Program Files\Java\jre1.8.0_131\lib\ext\localedata.jar;C:\Program Files\Java\jre1.8.0_131\lib\ext\nashorn.jar;C:\Program Files\Java\jre1.8.0_131\lib\ext\sunec.jar;C:\Program Files\Java\jre1.8.0_131\lib\ext\sunjce_provider.jar;C:\Program Files\Java\jre1.8.0_131\lib\ext\sunmscapi.jar;C:\Program Files\Java\jre1.8.0_131\lib\ext\sunpkcs11.jar;C:\Program Files\Java\jre1.8.0_131\lib\ext\zipfs.jar;C:\Users\Diego Souza\Documents\workspace\apirest\target\classes;C:\Users\Diego Souza\.m2\repository\org\springframework\boot\spring-boot-starter-data-jpa\2.1.0.RELEASE\spring-boot-starter-data-jpa-2.1.0.RELEASE.jar;C:\Users\Diego Souza\.m2\repository\org\springframework\boot\spring-boot-starter-aop\2.1.0.RELEASE\spring-boot-starter-aop-2.1.0.RELEASE.jar;C:\Users\Diego Souza\.m2\repository\org\springframework\spring-aop\5.1.2.RELEASE\spring-aop-5.1.2.RELEASE.jar;C:\Users\Diego Souza\.m2\repository\org\aspectj\aspectjweaver\1.9.2\aspectjweaver-1.9.2.jar;C:\Users\Diego Souza\.m2\repository\org\springframework\boot\spring-boot-starter-jdbc\2.1.0.RELEASE\spring-boot-starter-jdbc-2.1.0.RELEASE.jar;C:\Users\Diego Souza\.m2\repository\com\zaxxer\HikariCP\3.2.0\HikariCP-3.2.0.jar;C:\Users\Diego Souza\.m2\repository\org\springframework\spring-jdbc\5.1.2.RELEASE\spring-jdbc-5.1.2.RELEASE.jar;C:\Users\Diego Souza\.m2\repository\javax\transaction\javax.transaction-api\1.3\javax.transaction-api-1.3.j
Launcher Type: SUN_STANDARD

Environment Variables:
JAVA_HOME=C:\Program Files\Java\jdk1.8.0_131
PATH=C:/Program Files/Java/jre1.8.0_131/bin/server;C:/Program Files/Java/jre1.8.0_131/bin;C:/Program Files/Java/jre1.8.0_131/lib/amd64;C:\ProgramData\Oracle\Java\javapath;C:\WINDOWS\system32;C:\WINDOWS;C:\WINDOWS\System32\Wbem;C:\WINDOWS\System32\WindowsPowerShell\v1.0\;C:\WINDOWS\System32\OpenSSH\;C:\Ambiente\apache-maven-3.5.4\bin;C:\Users\Diego Souza\AppData\Local\Programs\Python\Python36-32\Scripts\;C:\Users\Diego Souza\AppData\Local\Programs\Python\Python36-32\;C:\Users\Diego Souza\AppData\Local\Microsoft\WindowsApps;C:\Program Files\Microsoft VS Code\bin;C:\Users\Diego Souza\Desktop;
USERNAME=Diego Souza
OS=Windows_NT
PROCESSOR_IDENTIFIER=Intel64 Family 6 Model 58 Stepping 9, GenuineIntel



---------------  S Y S T E M  ---------------

OS: Windows 10.0 , 64 bit Build 17134 (10.0.17134.1)

CPU:total 4 (initial active 4) (2 cores per cpu, 2 threads per core) family 6 model 58 stepping 9, cmov, cx8, fxsr, mmx, sse, sse2, sse3, ssse3, sse4.1, sse4.2, popcnt, avx, clmul, erms, ht, tsc, tscinvbit, tscinv

Memory: 4k page, physical 4065108k(287844k free), swap 4065108k(16892k free)

vm_info: Java HotSpot(TM) 64-Bit Server VM (25.131-b11) for windows-amd64 JRE (1.8.0_131-b11), built on Mar 15 2017 01:23:53 by "java_re" with MS VC++ 10.0 (VS2010)

time: Thu Nov 08 19:23:11 2018
elapsed time: 23 seconds (0d 0h 0m 23s)

