#
# There is insufficient memory for the Java Runtime Environment to continue.
# Native memory allocation (malloc) failed to allocate 32744 bytes for ChunkPool::allocate
# Possible reasons:
#   The system is out of physical RAM or swap space
#   In 32 bit mode, the process size limit was hit
# Possible solutions:
#   Reduce memory load on the system
#   Increase physical memory or swap space
#   Check if swap backing store is full
#   Use 64 bit Java on a 64 bit OS
#   Decrease Java heap size (-Xmx/-Xms)
#   Decrease number of Java threads
#   Decrease Java thread stack sizes (-Xss)
#   Set larger code cache with -XX:ReservedCodeCacheSize=
# This output file may be truncated or incomplete.
#
#  Out of Memory Error (allocation.cpp:273), pid=8780, tid=0x000000000000209c
#
# JRE version: Java(TM) SE Runtime Environment (8.0_131-b11) (build 1.8.0_131-b11)
# Java VM: Java HotSpot(TM) 64-Bit Server VM (25.131-b11 mixed mode windows-amd64 compressed oops)
# Failed to write core dump. Minidumps are not enabled by default on client versions of Windows
#

---------------  T H R E A D  ---------------

Current thread (0x00000000151e1000):  JavaThread "C2 CompilerThread0" daemon [_thread_in_native, id=8348, stack(0x0000000016850000,0x0000000016950000)]

Stack: [0x0000000016850000,0x0000000016950000]
[error occurred during error reporting (printing stack bounds), id 0xc0000005]

Native frames: (J=compiled Java code, j=interpreted, Vv=VM code, C=native code)


Current CompileTask:
C2:  16323 4277   !   4       org.springframework.core.annotation.AnnotatedElementUtils::searchWithFindSemantics (774 bytes)


---------------  P R O C E S S  ---------------

Java Threads: ( => current thread )
  0x000000001a6c9000 JavaThread "Live Reload Server" daemon [_thread_in_native, id=5548, stack(0x000000001f050000,0x000000001f150000)]
  0x000000001a6ca000 JavaThread "HikariPool-1 connection adder" daemon [_thread_blocked, id=9704, stack(0x000000001d680000,0x000000001d780000)]
  0x000000001790f000 JavaThread "HikariPool-1 housekeeper" daemon [_thread_blocked, id=5800, stack(0x000000001d580000,0x000000001d680000)]
  0x0000000017912000 JavaThread "Abandoned connection cleanup thread" daemon [_thread_blocked, id=2212, stack(0x000000001cc80000,0x000000001cd80000)]
  0x0000000017911800 JavaThread "container-0" [_thread_blocked, id=8084, stack(0x000000001c4b0000,0x000000001c5b0000)]
  0x0000000017910800 JavaThread "ContainerBackgroundProcessor[StandardEngine[Tomcat]]" daemon [_thread_blocked, id=3944, stack(0x0000000019db0000,0x0000000019eb0000)]
  0x0000000017a8d000 JavaThread "restartedMain" [_thread_in_vm, id=9924, stack(0x0000000018b70000,0x0000000018c70000)]
  0x0000000017bba800 JavaThread "Thread-0" [_thread_blocked, id=10708, stack(0x0000000018a70000,0x0000000018b70000)]
  0x0000000016b90000 JavaThread "Service Thread" daemon [_thread_blocked, id=3916, stack(0x0000000016f50000,0x0000000017050000)]
  0x00000000151f6800 JavaThread "C1 CompilerThread2" daemon [_thread_blocked, id=6560, stack(0x0000000016a50000,0x0000000016b50000)]
  0x00000000151e3800 JavaThread "C2 CompilerThread1" daemon [_thread_in_native, id=10248, stack(0x0000000016950000,0x0000000016a50000)]
=>0x00000000151e1000 JavaThread "C2 CompilerThread0" daemon [_thread_in_native, id=8348, stack(0x0000000016850000,0x0000000016950000)]
  0x00000000151df000 JavaThread "Attach Listener" daemon [_thread_blocked, id=10364, stack(0x0000000016750000,0x0000000016850000)]
  0x00000000151e9800 JavaThread "Signal Dispatcher" daemon [_thread_blocked, id=1896, stack(0x0000000016650000,0x0000000016750000)]
  0x00000000151ca800 JavaThread "Finalizer" daemon [_thread_blocked, id=7524, stack(0x0000000016440000,0x0000000016540000)]
  0x0000000002a73000 JavaThread "Reference Handler" daemon [_thread_blocked, id=10824, stack(0x0000000016340000,0x0000000016440000)]
  0x0000000002984000 JavaThread "main" [_thread_blocked, id=10500, stack(0x00000000010a0000,0x00000000011a0000)]

Other Threads:
  0x00000000151a7800 VMThread [stack: 0x0000000016240000,0x0000000016340000] [id=5932]
  0x0000000016bad000 WatcherThread [stack: 0x00000000171a0000,0x00000000172a0000] [id=6384]

VM state:not at safepoint (normal execution)

VM Mutex/Monitor currently owned by a thread: None

Heap:
 PSYoungGen      total 181248K, used 23598K [0x00000000eb500000, 0x00000000fba80000, 0x0000000100000000)
  eden space 167936K, 6% used [0x00000000eb500000,0x00000000ebf106c8,0x00000000f5900000)
  from space 13312K, 99% used [0x00000000f5900000,0x00000000f65fb1f8,0x00000000f6600000)
  to   space 18432K, 0% used [0x00000000fa880000,0x00000000fa880000,0x00000000fba80000)
 ParOldGen       total 48640K, used 26570K [0x00000000c1e00000, 0x00000000c4d80000, 0x00000000eb500000)
  object space 48640K, 54% used [0x00000000c1e00000,0x00000000c37f2960,0x00000000c4d80000)
 Metaspace       used 53545K, capacity 55928K, committed 56064K, reserved 1097728K
  class space    used 7397K, capacity 7826K, committed 7936K, reserved 1048576K

Card table byte_map: [0x0000000012130000,0x0000000012330000] byte_map_base: 0x0000000011b21000

Marking Bits: (ParMarkBitMap*) 0x0000000063aec720
 Begin Bits: [0x0000000012730000, 0x00000000136b8000)
 End Bits:   [0x00000000136b8000, 0x0000000014640000)

Polling page: 0x0000000000f70000

CodeCache: size=245760Kb used=14492Kb max_used=14492Kb free=231267Kb
 bounds [0x0000000002d70000, 0x0000000003bb0000, 0x0000000011d70000]
 total_blobs=4465 nmethods=3946 adapters=430
 compilation: enabled

Compilation events (10 events):
Event: 16.267 Thread 0x00000000151f6800 4378   !   3       org.springframework.util.ClassUtils::isVisible (26 bytes)
Event: 16.270 Thread 0x00000000151f6800 nmethod 4378 0x0000000003b9de90 code [0x0000000003b9e0c0, 0x0000000003b9eef8]
Event: 16.271 Thread 0x00000000151f6800 4379       3       java.lang.Class::argumentTypesToString (79 bytes)
Event: 16.272 Thread 0x00000000151f6800 nmethod 4379 0x0000000003b9f690 code [0x0000000003b9f8c0, 0x0000000003ba0518]
Event: 16.272 Thread 0x00000000151f6800 4380       3       java.lang.NoSuchMethodException::<init> (6 bytes)
Event: 16.272 Thread 0x00000000151f6800 nmethod 4380 0x0000000003ba0a10 code [0x0000000003ba0b80, 0x0000000003ba0dc8]
Event: 16.284 Thread 0x00000000151f6800 4381       3       org.springframework.cglib.core.AbstractClassGenerator::getClassLoader (53 bytes)
Event: 16.287 Thread 0x00000000151f6800 nmethod 4381 0x0000000003ba0ed0 code [0x0000000003ba1180, 0x0000000003ba2798]
Event: 16.288 Thread 0x00000000151f6800 4382  s    2       java.lang.reflect.Field::declaredAnnotations (59 bytes)
Event: 16.288 Thread 0x00000000151f6800 nmethod 4382 0x0000000003ba3190 code [0x0000000003ba3320, 0x0000000003ba3708]

GC Heap History (10 events):
Event: 7.152 GC heap before
{Heap before GC invocations=9 (full 1):
 PSYoungGen      total 70656K, used 63959K [0x00000000eb500000, 0x00000000f4300000, 0x0000000100000000)
  eden space 64000K, 99% used [0x00000000eb500000,0x00000000ef375fe0,0x00000000ef380000)
  from space 6656K, 0% used [0x00000000ef380000,0x00000000ef380000,0x00000000efa00000)
  to   space 8704K, 0% used [0x00000000f3a80000,0x00000000f3a80000,0x00000000f4300000)
 ParOldGen       total 30720K, used 8400K [0x00000000c1e00000, 0x00000000c3c00000, 0x00000000eb500000)
  object space 30720K, 27% used [0x00000000c1e00000,0x00000000c2634208,0x00000000c3c00000)
 Metaspace       used 23220K, capacity 23878K, committed 24064K, reserved 1071104K
  class space    used 3016K, capacity 3216K, committed 3328K, reserved 1048576K
Event: 7.162 GC heap after
Heap after GC invocations=9 (full 1):
 PSYoungGen      total 119808K, used 3608K [0x00000000eb500000, 0x00000000f3e80000, 0x0000000100000000)
  eden space 115712K, 0% used [0x00000000eb500000,0x00000000eb500000,0x00000000f2600000)
  from space 4096K, 88% used [0x00000000f3a80000,0x00000000f3e062e8,0x00000000f3e80000)
  to   space 8192K, 0% used [0x00000000f2e80000,0x00000000f2e80000,0x00000000f3680000)
 ParOldGen       total 30720K, used 8408K [0x00000000c1e00000, 0x00000000c3c00000, 0x00000000eb500000)
  object space 30720K, 27% used [0x00000000c1e00000,0x00000000c2636208,0x00000000c3c00000)
 Metaspace       used 23220K, capacity 23878K, committed 24064K, reserved 1071104K
  class space    used 3016K, capacity 3216K, committed 3328K, reserved 1048576K
}
Event: 10.284 GC heap before
{Heap before GC invocations=10 (full 1):
 PSYoungGen      total 119808K, used 119320K [0x00000000eb500000, 0x00000000f3e80000, 0x0000000100000000)
  eden space 115712K, 100% used [0x00000000eb500000,0x00000000f2600000,0x00000000f2600000)
  from space 4096K, 88% used [0x00000000f3a80000,0x00000000f3e062e8,0x00000000f3e80000)
  to   space 8192K, 0% used [0x00000000f2e80000,0x00000000f2e80000,0x00000000f3680000)
 ParOldGen       total 30720K, used 8408K [0x00000000c1e00000, 0x00000000c3c00000, 0x00000000eb500000)
  object space 30720K, 27% used [0x00000000c1e00000,0x00000000c2636208,0x00000000c3c00000)
 Metaspace       used 30855K, capacity 32382K, committed 32640K, reserved 1077248K
  class space    used 4088K, capacity 4379K, committed 4480K, reserved 1048576K
Event: 10.303 GC heap after
Heap after GC invocations=10 (full 1):
 PSYoungGen      total 132608K, used 8181K [0x00000000eb500000, 0x00000000f7200000, 0x0000000100000000)
  eden space 124416K, 0% used [0x00000000eb500000,0x00000000eb500000,0x00000000f2e80000)
  from space 8192K, 99% used [0x00000000f2e80000,0x00000000f367d7c8,0x00000000f3680000)
  to   space 12288K, 0% used [0x00000000f6600000,0x00000000f6600000,0x00000000f7200000)
 ParOldGen       total 30720K, used 14700K [0x00000000c1e00000, 0x00000000c3c00000, 0x00000000eb500000)
  object space 30720K, 47% used [0x00000000c1e00000,0x00000000c2c5b098,0x00000000c3c00000)
 Metaspace       used 30855K, capacity 32382K, committed 32640K, reserved 1077248K
  class space    used 4088K, capacity 4379K, committed 4480K, reserved 1048576K
}
Event: 11.333 GC heap before
{Heap before GC invocations=11 (full 1):
 PSYoungGen      total 132608K, used 103710K [0x00000000eb500000, 0x00000000f7200000, 0x0000000100000000)
  eden space 124416K, 76% used [0x00000000eb500000,0x00000000f124a3f0,0x00000000f2e80000)
  from space 8192K, 99% used [0x00000000f2e80000,0x00000000f367d7c8,0x00000000f3680000)
  to   space 12288K, 0% used [0x00000000f6600000,0x00000000f6600000,0x00000000f7200000)
 ParOldGen       total 30720K, used 14700K [0x00000000c1e00000, 0x00000000c3c00000, 0x00000000eb500000)
  object space 30720K, 47% used [0x00000000c1e00000,0x00000000c2c5b098,0x00000000c3c00000)
 Metaspace       used 33835K, capacity 35382K, committed 35456K, reserved 1079296K
  class space    used 4423K, capacity 4719K, committed 4736K, reserved 1048576K
Event: 11.353 GC heap after
Heap after GC invocations=11 (full 1):
 PSYoungGen      total 180224K, used 10844K [0x00000000eb500000, 0x00000000f7f80000, 0x0000000100000000)
  eden space 167936K, 0% used [0x00000000eb500000,0x00000000eb500000,0x00000000f5900000)
  from space 12288K, 88% used [0x00000000f6600000,0x00000000f7097138,0x00000000f7200000)
  to   space 13312K, 0% used [0x00000000f5900000,0x00000000f5900000,0x00000000f6600000)
 ParOldGen       total 30720K, used 16620K [0x00000000c1e00000, 0x00000000c3c00000, 0x00000000eb500000)
  object space 30720K, 54% used [0x00000000c1e00000,0x00000000c2e3b1f8,0x00000000c3c00000)
 Metaspace       used 33835K, capacity 35382K, committed 35456K, reserved 1079296K
  class space    used 4423K, capacity 4719K, committed 4736K, reserved 1048576K
}
Event: 11.353 GC heap before
{Heap before GC invocations=12 (full 2):
 PSYoungGen      total 180224K, used 10844K [0x00000000eb500000, 0x00000000f7f80000, 0x0000000100000000)
  eden space 167936K, 0% used [0x00000000eb500000,0x00000000eb500000,0x00000000f5900000)
  from space 12288K, 88% used [0x00000000f6600000,0x00000000f7097138,0x00000000f7200000)
  to   space 13312K, 0% used [0x00000000f5900000,0x00000000f5900000,0x00000000f6600000)
 ParOldGen       total 30720K, used 16620K [0x00000000c1e00000, 0x00000000c3c00000, 0x00000000eb500000)
  object space 30720K, 54% used [0x00000000c1e00000,0x00000000c2e3b1f8,0x00000000c3c00000)
 Metaspace       used 33835K, capacity 35382K, committed 35456K, reserved 1079296K
  class space    used 4423K, capacity 4719K, committed 4736K, reserved 1048576K
Event: 11.442 GC heap after
Heap after GC invocations=12 (full 2):
 PSYoungGen      total 180224K, used 0K [0x00000000eb500000, 0x00000000f7f80000, 0x0000000100000000)
  eden space 167936K, 0% used [0x00000000eb500000,0x00000000eb500000,0x00000000f5900000)
  from space 12288K, 0% used [0x00000000f6600000,0x00000000f6600000,0x00000000f7200000)
  to   space 13312K, 0% used [0x00000000f5900000,0x00000000f5900000,0x00000000f6600000)
 ParOldGen       total 48640K, used 17831K [0x00000000c1e00000, 0x00000000c4d80000, 0x00000000eb500000)
  object space 48640K, 36% used [0x00000000c1e00000,0x00000000c2f69ee0,0x00000000c4d80000)
 Metaspace       used 33835K, capacity 35382K, committed 35456K, reserved 1079296K
  class space    used 4423K, capacity 4719K, committed 4736K, reserved 1048576K
}
Event: 16.123 GC heap before
{Heap before GC invocations=13 (full 2):
 PSYoungGen      total 180224K, used 167936K [0x00000000eb500000, 0x00000000f7f80000, 0x0000000100000000)
  eden space 167936K, 100% used [0x00000000eb500000,0x00000000f5900000,0x00000000f5900000)
  from space 12288K, 0% used [0x00000000f6600000,0x00000000f6600000,0x00000000f7200000)
  to   space 13312K, 0% used [0x00000000f5900000,0x00000000f5900000,0x00000000f6600000)
 ParOldGen       total 48640K, used 17831K [0x00000000c1e00000, 0x00000000c4d80000, 0x00000000eb500000)
  object space 48640K, 36% used [0x00000000c1e00000,0x00000000c2f69ee0,0x00000000c4d80000)
 Metaspace       used 53168K, capacity 55540K, committed 55680K, reserved 1097728K
  class space    used 7348K, capacity 7760K, committed 7808K, reserved 1048576K
Event: 16.162 GC heap after
Heap after GC invocations=13 (full 2):
 PSYoungGen      total 181248K, used 13292K [0x00000000eb500000, 0x00000000fba80000, 0x0000000100000000)
  eden space 167936K, 0% used [0x00000000eb500000,0x00000000eb500000,0x00000000f5900000)
  from space 13312K, 99% used [0x00000000f5900000,0x00000000f65fb1f8,0x00000000f6600000)
  to   space 18432K, 0% used [0x00000000fa880000,0x00000000fa880000,0x00000000fba80000)
 ParOldGen       total 48640K, used 26570K [0x00000000c1e00000, 0x00000000c4d80000, 0x00000000eb500000)
  object space 48640K, 54% used [0x00000000c1e00000,0x00000000c37f2960,0x00000000c4d80000)
 Metaspace       used 53168K, capacity 55540K, committed 55680K, reserved 1097728K
  class space    used 7348K, capacity 7760K, committed 7808K, reserved 1048576K
}

Deoptimization events (10 events):
Event: 15.735 Thread 0x0000000017a8d000 Uncommon trap: reason=class_check action=maybe_recompile pc=0x0000000003b061f8 method=org.springframework.core.annotation.AnnotationUtils.getAnnotatedMethodsInBaseType(Ljava/lang/Class;)Ljava/util/Set; @ 29
Event: 15.736 Thread 0x0000000017a8d000 Uncommon trap: reason=class_check action=maybe_recompile pc=0x0000000003b061f8 method=org.springframework.core.annotation.AnnotationUtils.getAnnotatedMethodsInBaseType(Ljava/lang/Class;)Ljava/util/Set; @ 29
Event: 15.736 Thread 0x0000000017a8d000 Uncommon trap: reason=class_check action=maybe_recompile pc=0x0000000003b061f8 method=org.springframework.core.annotation.AnnotationUtils.getAnnotatedMethodsInBaseType(Ljava/lang/Class;)Ljava/util/Set; @ 29
Event: 15.736 Thread 0x0000000017a8d000 Uncommon trap: reason=class_check action=maybe_recompile pc=0x0000000003b061f8 method=org.springframework.core.annotation.AnnotationUtils.getAnnotatedMethodsInBaseType(Ljava/lang/Class;)Ljava/util/Set; @ 29
Event: 15.928 Thread 0x0000000017a8d000 Uncommon trap: reason=class_check action=maybe_recompile pc=0x0000000003a9b4ac method=sun.reflect.generics.reflectiveObjects.TypeVariableImpl.hashCode()I @ 4
Event: 15.928 Thread 0x0000000017a8d000 Uncommon trap: reason=class_check action=maybe_recompile pc=0x0000000003a9b4ac method=sun.reflect.generics.reflectiveObjects.TypeVariableImpl.hashCode()I @ 4
Event: 15.928 Thread 0x0000000017a8d000 Uncommon trap: reason=class_check action=maybe_recompile pc=0x0000000003a9b4ac method=sun.reflect.generics.reflectiveObjects.TypeVariableImpl.hashCode()I @ 4
Event: 15.928 Thread 0x0000000017a8d000 Uncommon trap: reason=class_check action=maybe_recompile pc=0x0000000003a9b4ac method=sun.reflect.generics.reflectiveObjects.TypeVariableImpl.hashCode()I @ 4
Event: 15.936 Thread 0x0000000017a8d000 Uncommon trap: reason=unstable_if action=reinterpret pc=0x00000000036b01d0 method=java.util.concurrent.ConcurrentHashMap.putVal(Ljava/lang/Object;Ljava/lang/Object;Z)Ljava/lang/Object; @ 331
Event: 15.938 Thread 0x0000000017a8d000 Uncommon trap: reason=unstable_if action=reinterpret pc=0x00000000038576b0 method=java.util.concurrent.ConcurrentHashMap.get(Ljava/lang/Object;)Ljava/lang/Object; @ 86

Internal exceptions (10 events):
Event: 15.687 Thread 0x0000000017a8d000 Exception <a 'java/lang/ClassNotFoundException': org/springframework/web/servlet/config/annotation/DelegatingWebMvcConfigurationCustomizer> (0x00000000f4678ac8) thrown at [C:\re\workspace\8-2-build-windows-amd64-cygwin\jdk8u131\8869\hotspot\src\share\vm\c
Event: 15.689 Thread 0x0000000017a8d000 Exception <a 'java/lang/ClassNotFoundException': org/springframework/boot/autoconfigure/web/servlet/WebMvcAutoConfiguration$EnableWebMvcConfigurationCustomizer> (0x00000000f469d720) thrown at [C:\re\workspace\8-2-build-windows-amd64-cygwin\jdk8u131\8869\h
Event: 15.690 Thread 0x0000000017a8d000 Exception <a 'java/lang/ClassNotFoundException': org/springframework/boot/autoconfigure/web/servlet/WebMvcAutoConfiguration$EnableWebMvcConfiguration$$EnhancerBySpringCGLIB$$e04d6ae9Customizer> (0x00000000f46ccd30) thrown at [C:\re\workspace\8-2-build-win
Event: 15.693 Thread 0x0000000017a8d000 Exception <a 'java/lang/ClassNotFoundException': org/springframework/context/annotation/ConfigurationClassEnhancer$EnhancedConfigurationCustomizer> (0x00000000f4709838) thrown at [C:\re\workspace\8-2-build-windows-amd64-cygwin\jdk8u131\8869\hotspot\src\sh
Event: 15.693 Thread 0x0000000017a8d000 Exception <a 'java/lang/ClassNotFoundException': org/springframework/beans/factory/BeanFactoryAwareCustomizer> (0x00000000f471dde0) thrown at [C:\re\workspace\8-2-build-windows-amd64-cygwin\jdk8u131\8869\hotspot\src\share\vm\classfile\systemDictionary.cpp
Event: 15.694 Thread 0x0000000017a8d000 Exception <a 'java/lang/ClassNotFoundException': org/springframework/beans/factory/AwareCustomizer> (0x00000000f4730e00) thrown at [C:\re\workspace\8-2-build-windows-amd64-cygwin\jdk8u131\8869\hotspot\src\share\vm\classfile\systemDictionary.cpp, line 210]
Event: 15.695 Thread 0x0000000017a8d000 Exception <a 'java/lang/ClassNotFoundException': org/springframework/context/ApplicationContextAwareCustomizer> (0x00000000f4745668) thrown at [C:\re\workspace\8-2-build-windows-amd64-cygwin\jdk8u131\8869\hotspot\src\share\vm\classfile\systemDictionary.cp
Event: 15.696 Thread 0x0000000017a8d000 Exception <a 'java/lang/ClassNotFoundException': org/springframework/beans/factory/AwareCustomizer> (0x00000000f4758788) thrown at [C:\re\workspace\8-2-build-windows-amd64-cygwin\jdk8u131\8869\hotspot\src\share\vm\classfile\systemDictionary.cpp, line 210]
Event: 15.697 Thread 0x0000000017a8d000 Exception <a 'java/lang/ClassNotFoundException': org/springframework/web/context/ServletContextAwareCustomizer> (0x00000000f476cfd8) thrown at [C:\re\workspace\8-2-build-windows-amd64-cygwin\jdk8u131\8869\hotspot\src\share\vm\classfile\systemDictionary.cp
Event: 15.698 Thread 0x0000000017a8d000 Exception <a 'java/lang/ClassNotFoundException': org/springframework/beans/factory/AwareCustomizer> (0x00000000f477fb68) thrown at [C:\re\workspace\8-2-build-windows-amd64-cygwin\jdk8u131\8869\hotspot\src\share\vm\classfile\systemDictionary.cpp, line 210]

Events (10 events):
Event: 16.274 loading class org/springframework/web/servlet/config/annotation/InterceptorRegistration
Event: 16.274 loading class org/springframework/web/servlet/config/annotation/InterceptorRegistration done
Event: 16.276 loading class org/springframework/web/servlet/handler/ConversionServiceExposingInterceptor
Event: 16.277 loading class org/springframework/web/servlet/handler/ConversionServiceExposingInterceptor done
Event: 16.277 loading class org/springframework/web/servlet/handler/HandlerInterceptorAdapter
Event: 16.277 loading class org/springframework/web/servlet/handler/HandlerInterceptorAdapter done
Event: 16.278 loading class org/springframework/web/servlet/resource/ResourceUrlProviderExposingInterceptor
Event: 16.278 loading class org/springframework/web/servlet/resource/ResourceUrlProviderExposingInterceptor done
Event: 16.294 loading class org/springframework/web/servlet/config/annotation/InterceptorRegistration
Event: 16.294 loading class org/springframework/web/servlet/config/annotation/InterceptorRegistration done


Dynamic libraries:
0x00007ff658a80000 - 0x00007ff658ab7000 	C:\Program Files\Java\jre1.8.0_131\bin\javaw.exe
0x00007ffda96d0000 - 0x00007ffda98b1000 	C:\WINDOWS\SYSTEM32\ntdll.dll
0x00007ffd933a0000 - 0x00007ffd933b4000 	C:\Program Files\AVAST Software\Avast\x64\aswhooka.dll
0x00007ffda8170000 - 0x00007ffda8222000 	C:\WINDOWS\System32\KERNEL32.DLL
0x00007ffda5da0000 - 0x00007ffda6013000 	C:\WINDOWS\System32\KERNELBASE.dll
0x00007ffda84f0000 - 0x00007ffda8591000 	C:\WINDOWS\System32\ADVAPI32.dll
0x00007ffda83f0000 - 0x00007ffda848e000 	C:\WINDOWS\System32\msvcrt.dll
0x00007ffda8a70000 - 0x00007ffda8acb000 	C:\WINDOWS\System32\sechost.dll
0x00007ffda8bb0000 - 0x00007ffda8cd4000 	C:\WINDOWS\System32\RPCRT4.dll
0x00007ffda8260000 - 0x00007ffda83f0000 	C:\WINDOWS\System32\USER32.dll
0x00007ffda63b0000 - 0x00007ffda63d0000 	C:\WINDOWS\System32\win32u.dll
0x00007ffda8140000 - 0x00007ffda8168000 	C:\WINDOWS\System32\GDI32.dll
0x00007ffda6210000 - 0x00007ffda63a2000 	C:\WINDOWS\System32\gdi32full.dll
0x00007ffda5d00000 - 0x00007ffda5d9f000 	C:\WINDOWS\System32\msvcp_win.dll
0x00007ffda5b50000 - 0x00007ffda5c4a000 	C:\WINDOWS\System32\ucrtbase.dll
0x00007ffd981a0000 - 0x00007ffd98409000 	C:\WINDOWS\WinSxS\amd64_microsoft.windows.common-controls_6595b64144ccf1df_6.0.17134.345_none_fb429a5930656358\COMCTL32.dll
0x00007ffda9000000 - 0x00007ffda9323000 	C:\WINDOWS\System32\combase.dll
0x00007ffda63d0000 - 0x00007ffda644a000 	C:\WINDOWS\System32\bcryptPrimitives.dll
0x00007ffda8230000 - 0x00007ffda825d000 	C:\WINDOWS\System32\IMM32.DLL
0x0000000064120000 - 0x00000000641f2000 	C:\Program Files\Java\jre1.8.0_131\bin\msvcr100.dll
0x00000000632d0000 - 0x0000000063b6c000 	C:\Program Files\Java\jre1.8.0_131\bin\server\jvm.dll
0x00007ffda8ad0000 - 0x00007ffda8ad8000 	C:\WINDOWS\System32\PSAPI.DLL
0x00007ffd9b250000 - 0x00007ffd9b259000 	C:\WINDOWS\SYSTEM32\WSOCK32.dll
0x00007ffda89f0000 - 0x00007ffda8a5c000 	C:\WINDOWS\System32\WS2_32.dll
0x00007ffda2fc0000 - 0x00007ffda2fe3000 	C:\WINDOWS\SYSTEM32\WINMM.dll
0x00007ffd98780000 - 0x00007ffd9878a000 	C:\WINDOWS\SYSTEM32\VERSION.dll
0x00007ffda2f90000 - 0x00007ffda2fba000 	C:\WINDOWS\SYSTEM32\WINMMBASE.dll
0x00007ffda5c50000 - 0x00007ffda5c99000 	C:\WINDOWS\System32\cfgmgr32.dll
0x0000000064110000 - 0x000000006411f000 	C:\Program Files\Java\jre1.8.0_131\bin\verify.dll
0x00000000640e0000 - 0x0000000064109000 	C:\Program Files\Java\jre1.8.0_131\bin\java.dll
0x00000000640c0000 - 0x00000000640d6000 	C:\Program Files\Java\jre1.8.0_131\bin\zip.dll
0x00007ffda6b60000 - 0x00007ffda7f9f000 	C:\WINDOWS\System32\SHELL32.dll
0x00007ffda8090000 - 0x00007ffda8139000 	C:\WINDOWS\System32\shcore.dll
0x00007ffda6450000 - 0x00007ffda6b5d000 	C:\WINDOWS\System32\windows.storage.dll
0x00007ffda8490000 - 0x00007ffda84e1000 	C:\WINDOWS\System32\shlwapi.dll
0x00007ffda5a60000 - 0x00007ffda5a71000 	C:\WINDOWS\System32\kernel.appcore.dll
0x00007ffda5a30000 - 0x00007ffda5a4f000 	C:\WINDOWS\System32\profapi.dll
0x00007ffda59e0000 - 0x00007ffda5a2c000 	C:\WINDOWS\System32\powrprof.dll
0x00007ffda5a50000 - 0x00007ffda5a5a000 	C:\WINDOWS\System32\FLTLIB.DLL
0x0000000063280000 - 0x000000006328d000 	C:\Program Files\Java\jre1.8.0_131\bin\management.dll
0x00000000640a0000 - 0x00000000640ba000 	C:\Program Files\Java\jre1.8.0_131\bin\net.dll
0x00007ffda5260000 - 0x00007ffda52c6000 	C:\WINDOWS\system32\mswsock.dll
0x00007ffd9ea40000 - 0x00007ffd9ea56000 	C:\WINDOWS\system32\napinsp.dll
0x00007ffd9bd00000 - 0x00007ffd9bd1a000 	C:\WINDOWS\system32\pnrpnsp.dll
0x00007ffda2330000 - 0x00007ffda2349000 	C:\WINDOWS\system32\NLAapi.dll
0x00007ffda5020000 - 0x00007ffda50de000 	C:\WINDOWS\SYSTEM32\DNSAPI.dll
0x00007ffda8a60000 - 0x00007ffda8a68000 	C:\WINDOWS\System32\NSI.dll
0x00007ffda4fe0000 - 0x00007ffda5018000 	C:\WINDOWS\SYSTEM32\IPHLPAPI.DLL
0x00007ffda35d0000 - 0x00007ffda35de000 	C:\WINDOWS\System32\winrnr.dll
0x00007ffd9de70000 - 0x00007ffd9de85000 	C:\WINDOWS\System32\wshbth.dll
0x00007ffd9ce00000 - 0x00007ffd9ce0a000 	C:\Windows\System32\rasadhlp.dll
0x00007ffd9ce30000 - 0x00007ffd9cea2000 	C:\WINDOWS\System32\fwpuclnt.dll
0x00007ffda5540000 - 0x00007ffda5565000 	C:\WINDOWS\SYSTEM32\bcrypt.dll
0x0000000064080000 - 0x0000000064091000 	C:\Program Files\Java\jre1.8.0_131\bin\nio.dll
0x00007ffda5420000 - 0x00007ffda5437000 	C:\WINDOWS\SYSTEM32\CRYPTSP.dll
0x00007ffda4de0000 - 0x00007ffda4e13000 	C:\WINDOWS\system32\rsaenh.dll
0x00007ffda58e0000 - 0x00007ffda5908000 	C:\WINDOWS\SYSTEM32\USERENV.dll
0x00007ffda5410000 - 0x00007ffda541b000 	C:\WINDOWS\SYSTEM32\CRYPTBASE.dll
0x00007ffd9db80000 - 0x00007ffd9db96000 	C:\WINDOWS\SYSTEM32\dhcpcsvc6.DLL
0x00007ffd9dc30000 - 0x00007ffd9dc4a000 	C:\WINDOWS\SYSTEM32\dhcpcsvc.DLL

VM Arguments:
jvm_args: -Dfile.encoding=UTF-8 
java_command: com.produtos.apirest.ApirestApplication
java_class_path (initial): C:\Program Files\Java\jre1.8.0_131\lib\resources.jar;C:\Program Files\Java\jre1.8.0_131\lib\rt.jar;C:\Program Files\Java\jre1.8.0_131\lib\jsse.jar;C:\Program Files\Java\jre1.8.0_131\lib\jce.jar;C:\Program Files\Java\jre1.8.0_131\lib\charsets.jar;C:\Program Files\Java\jre1.8.0_131\lib\jfr.jar;C:\Program Files\Java\jre1.8.0_131\lib\ext\access-bridge-64.jar;C:\Program Files\Java\jre1.8.0_131\lib\ext\cldrdata.jar;C:\Program Files\Java\jre1.8.0_131\lib\ext\dnsns.jar;C:\Program Files\Java\jre1.8.0_131\lib\ext\jaccess.jar;C:\Program Files\Java\jre1.8.0_131\lib\ext\jfxrt.jar;C:\Program Files\Java\jre1.8.0_131\lib\ext\localedata.jar;C:\Program Files\Java\jre1.8.0_131\lib\ext\nashorn.jar;C:\Program Files\Java\jre1.8.0_131\lib\ext\sunec.jar;C:\Program Files\Java\jre1.8.0_131\lib\ext\sunjce_provider.jar;C:\Program Files\Java\jre1.8.0_131\lib\ext\sunmscapi.jar;C:\Program Files\Java\jre1.8.0_131\lib\ext\sunpkcs11.jar;C:\Program Files\Java\jre1.8.0_131\lib\ext\zipfs.jar;C:\Users\Diego Souza\Documents\workspace\apirest\target\classes;C:\Users\Diego Souza\.m2\repository\org\springframework\boot\spring-boot-starter-data-jpa\2.1.0.RELEASE\spring-boot-starter-data-jpa-2.1.0.RELEASE.jar;C:\Users\Diego Souza\.m2\repository\org\springframework\boot\spring-boot-starter-aop\2.1.0.RELEASE\spring-boot-starter-aop-2.1.0.RELEASE.jar;C:\Users\Diego Souza\.m2\repository\org\springframework\spring-aop\5.1.2.RELEASE\spring-aop-5.1.2.RELEASE.jar;C:\Users\Diego Souza\.m2\repository\org\aspectj\aspectjweaver\1.9.2\aspectjweaver-1.9.2.jar;C:\Users\Diego Souza\.m2\repository\org\springframework\boot\spring-boot-starter-jdbc\2.1.0.RELEASE\spring-boot-starter-jdbc-2.1.0.RELEASE.jar;C:\Users\Diego Souza\.m2\repository\com\zaxxer\HikariCP\3.2.0\HikariCP-3.2.0.jar;C:\Users\Diego Souza\.m2\repository\org\springframework\spring-jdbc\5.1.2.RELEASE\spring-jdbc-5.1.2.RELEASE.jar;C:\Users\Diego Souza\.m2\repository\javax\transaction\javax.transaction-api\1.3\javax.transaction-api-1.3.j
Launcher Type: SUN_STANDARD

Environment Variables:
JAVA_HOME=C:\Program Files\Java\jdk1.8.0_131
PATH=C:/Program Files/Java/jre1.8.0_131/bin/server;C:/Program Files/Java/jre1.8.0_131/bin;C:/Program Files/Java/jre1.8.0_131/lib/amd64;C:\ProgramData\Oracle\Java\javapath;C:\WINDOWS\system32;C:\WINDOWS;C:\WINDOWS\System32\Wbem;C:\WINDOWS\System32\WindowsPowerShell\v1.0\;C:\WINDOWS\System32\OpenSSH\;C:\Ambiente\apache-maven-3.5.4\bin;C:\Users\Diego Souza\AppData\Local\Programs\Python\Python36-32\Scripts\;C:\Users\Diego Souza\AppData\Local\Programs\Python\Python36-32\;C:\Users\Diego Souza\AppData\Local\Microsoft\WindowsApps;C:\Program Files\Microsoft VS Code\bin;C:\Users\Diego Souza\Desktop;
USERNAME=Diego Souza
OS=Windows_NT
PROCESSOR_IDENTIFIER=Intel64 Family 6 Model 58 Stepping 9, GenuineIntel



---------------  S Y S T E M  ---------------

OS: Windows 10.0 , 64 bit Build 17134 (10.0.17134.1)

CPU:total 4 (initial active 4) (2 cores per cpu, 2 threads per core) family 6 model 58 stepping 9, cmov, cx8, fxsr, mmx, sse, sse2, sse3, ssse3, sse4.1, sse4.2, popcnt, avx, clmul, erms, ht, tsc, tscinvbit, tscinv

Memory: 4k page, physical 4065108k(283400k free), swap 4065108k(4092k free)

vm_info: Java HotSpot(TM) 64-Bit Server VM (25.131-b11) for windows-amd64 JRE (1.8.0_131-b11), built on Mar 15 2017 01:23:53 by "java_re" with MS VC++ 10.0 (VS2010)

time: Wed Nov 07 23:19:21 2018
elapsed time: 16 seconds (0d 0h 0m 16s)

