#
# There is insufficient memory for the Java Runtime Environment to continue.
# Native memory allocation (malloc) failed to allocate 64336 bytes for Chunk::new
# Possible reasons:
#   The system is out of physical RAM or swap space
#   In 32 bit mode, the process size limit was hit
# Possible solutions:
#   Reduce memory load on the system
#   Increase physical memory or swap space
#   Check if swap backing store is full
#   Use 64 bit Java on a 64 bit OS
#   Decrease Java heap size (-Xmx/-Xms)
#   Decrease number of Java threads
#   Decrease Java thread stack sizes (-Xss)
#   Set larger code cache with -XX:ReservedCodeCacheSize=
# This output file may be truncated or incomplete.
#
#  Out of Memory Error (allocation.cpp:390), pid=9556, tid=0x00000000000025a8
#
# JRE version: Java(TM) SE Runtime Environment (8.0_131-b11) (build 1.8.0_131-b11)
# Java VM: Java HotSpot(TM) 64-Bit Server VM (25.131-b11 mixed mode windows-amd64 compressed oops)
# Failed to write core dump. Minidumps are not enabled by default on client versions of Windows
#

---------------  T H R E A D  ---------------

Current thread (0x00000000150d4800):  JavaThread "C2 CompilerThread0" daemon [_thread_in_native, id=9640, stack(0x0000000016740000,0x0000000016840000)]

Stack: [0x0000000016740000,0x0000000016840000]
[error occurred during error reporting (printing stack bounds), id 0xc0000005]

Native frames: (J=compiled Java code, j=interpreted, Vv=VM code, C=native code)


Current CompileTask:
C2:2917425 6402       4       org.springframework.beans.factory.support.AbstractBeanFactory::isFactoryBean (65 bytes)


---------------  P R O C E S S  ---------------

Java Threads: ( => current thread )
  0x000000001ae0f000 JavaThread "Thread-16" [_thread_in_native, id=8872, stack(0x0000000026160000,0x0000000026260000)]
  0x000000001ae0f800 JavaThread "http-nio-8080-AsyncTimeout" daemon [_thread_blocked, id=1132, stack(0x0000000026060000,0x0000000026160000)]
  0x00000000150d9800 JavaThread "http-nio-8080-Acceptor-0" daemon [_thread_in_native, id=6476, stack(0x0000000025f60000,0x0000000026060000)]
  0x00000000150d8800 JavaThread "http-nio-8080-ClientPoller-1" daemon [_thread_in_native, id=2036, stack(0x0000000025e60000,0x0000000025f60000)]
  0x00000000150d8000 JavaThread "http-nio-8080-ClientPoller-0" daemon [_thread_in_native, id=10124, stack(0x0000000025d60000,0x0000000025e60000)]
  0x00000000150db800 JavaThread "http-nio-8080-exec-10" daemon [_thread_blocked, id=7188, stack(0x0000000025c60000,0x0000000025d60000)]
  0x00000000150db000 JavaThread "http-nio-8080-exec-9" daemon [_thread_blocked, id=6204, stack(0x0000000025b60000,0x0000000025c60000)]
  0x000000001ada9800 JavaThread "http-nio-8080-exec-8" daemon [_thread_blocked, id=8992, stack(0x0000000025a60000,0x0000000025b60000)]
  0x000000001adaf800 JavaThread "http-nio-8080-exec-7" daemon [_thread_blocked, id=1688, stack(0x0000000025960000,0x0000000025a60000)]
  0x000000001adae000 JavaThread "http-nio-8080-exec-6" daemon [_thread_blocked, id=3972, stack(0x0000000025860000,0x0000000025960000)]
  0x000000001adad000 JavaThread "http-nio-8080-exec-5" daemon [_thread_blocked, id=10060, stack(0x0000000025760000,0x0000000025860000)]
  0x000000001adab800 JavaThread "http-nio-8080-exec-4" daemon [_thread_blocked, id=7020, stack(0x0000000025660000,0x0000000025760000)]
  0x000000001adaa000 JavaThread "http-nio-8080-exec-3" daemon [_thread_blocked, id=4896, stack(0x0000000025560000,0x0000000025660000)]
  0x000000001adab000 JavaThread "http-nio-8080-exec-2" daemon [_thread_blocked, id=5936, stack(0x0000000025460000,0x0000000025560000)]
  0x000000001ada2800 JavaThread "http-nio-8080-exec-1" daemon [_thread_blocked, id=9292, stack(0x0000000025360000,0x0000000025460000)]
  0x000000001ada2000 JavaThread "NioBlockingSelector.BlockPoller-3" daemon [_thread_in_native, id=6616, stack(0x0000000025260000,0x0000000025360000)]
  0x000000001ada7000 JavaThread "container-0" [_thread_blocked, id=4592, stack(0x0000000024e60000,0x0000000024f60000)]
  0x000000001ada6800 JavaThread "ContainerBackgroundProcessor[StandardEngine[Tomcat]]" daemon [_thread_blocked, id=3736, stack(0x0000000024d60000,0x0000000024e60000)]
  0x000000001adac800 JavaThread "DestroyJavaVM" [_thread_blocked, id=9600, stack(0x0000000002910000,0x0000000002a10000)]
  0x00000000150da000 JavaThread "Live Reload Server" daemon [_thread_in_native, id=9828, stack(0x000000001ebe0000,0x000000001ece0000)]
  0x00000000150d7000 JavaThread "Abandoned connection cleanup thread" daemon [_thread_blocked, id=9796, stack(0x000000001c960000,0x000000001ca60000)]
  0x0000000016a79800 JavaThread "Service Thread" daemon [_thread_blocked, id=9652, stack(0x0000000016e40000,0x0000000016f40000)]
  0x00000000150dd000 JavaThread "C1 CompilerThread2" daemon [_thread_blocked, id=9648, stack(0x0000000016940000,0x0000000016a40000)]
  0x00000000150dc800 JavaThread "C2 CompilerThread1" daemon [_thread_blocked, id=9644, stack(0x0000000016840000,0x0000000016940000)]
=>0x00000000150d4800 JavaThread "C2 CompilerThread0" daemon [_thread_in_native, id=9640, stack(0x0000000016740000,0x0000000016840000)]
  0x00000000150d2800 JavaThread "Attach Listener" daemon [_thread_blocked, id=9636, stack(0x0000000016640000,0x0000000016740000)]
  0x00000000150d1000 JavaThread "Signal Dispatcher" daemon [_thread_blocked, id=9632, stack(0x0000000016540000,0x0000000016640000)]
  0x00000000150ba800 JavaThread "Finalizer" daemon [_thread_blocked, id=9628, stack(0x0000000016330000,0x0000000016430000)]
  0x0000000002b03000 JavaThread "Reference Handler" daemon [_thread_blocked, id=9624, stack(0x0000000016230000,0x0000000016330000)]

Other Threads:
  0x0000000015097800 VMThread [stack: 0x0000000016130000,0x0000000016230000] [id=9620]
  0x0000000016a96800 WatcherThread [stack: 0x0000000017090000,0x0000000017190000] [id=9656]

VM state:not at safepoint (normal execution)

VM Mutex/Monitor currently owned by a thread: None

Heap:
 PSYoungGen      total 311808K, used 191071K [0x00000000eb500000, 0x00000000ff680000, 0x0000000100000000)
  eden space 296448K, 64% used [0x00000000eb500000,0x00000000f6f97f30,0x00000000fd680000)
  from space 15360K, 0% used [0x00000000fe780000,0x00000000fe780000,0x00000000ff680000)
  to   space 16384K, 0% used [0x00000000fd680000,0x00000000fd680000,0x00000000fe680000)
 ParOldGen       total 65536K, used 24198K [0x00000000c1e00000, 0x00000000c5e00000, 0x00000000eb500000)
  object space 65536K, 36% used [0x00000000c1e00000,0x00000000c35a1a90,0x00000000c5e00000)
 Metaspace       used 60059K, capacity 62960K, committed 63232K, reserved 1103872K
  class space    used 8118K, capacity 8640K, committed 8704K, reserved 1048576K

Card table byte_map: [0x0000000011ed0000,0x00000000120d0000] byte_map_base: 0x00000000118c1000

Marking Bits: (ParMarkBitMap*) 0x000000006ea0c720
 Begin Bits: [0x0000000012620000, 0x00000000135a8000)
 End Bits:   [0x00000000135a8000, 0x0000000014530000)

Polling page: 0x0000000000f80000

CodeCache: size=245760Kb used=17908Kb max_used=18007Kb free=227851Kb
 bounds [0x0000000002b10000, 0x0000000003cc0000, 0x0000000011b10000]
 total_blobs=5959 nmethods=5402 adapters=468
 compilation: enabled

Compilation events (10 events):
Event: 2916.752 Thread 0x00000000150dd000 nmethod 6404 0x0000000003206ad0 code [0x0000000003206c20, 0x0000000003206d30]
Event: 2916.755 Thread 0x00000000150dd000 6405       3       java.util.concurrent.FutureTask::finishCompletion (74 bytes)
Event: 2916.756 Thread 0x00000000150dd000 nmethod 6405 0x000000000320dc50 code [0x000000000320de00, 0x000000000320e408]
Event: 2916.756 Thread 0x00000000150dd000 6406       3       java.util.concurrent.FutureTask::done (1 bytes)
Event: 2916.756 Thread 0x00000000150dd000 nmethod 6406 0x000000000320d950 code [0x000000000320daa0, 0x000000000320dbf0]
Event: 2916.758 Thread 0x00000000150dc800 nmethod 6403 0x000000000320d250 code [0x000000000320d3a0, 0x000000000320d678]
Event: 2916.760 Thread 0x00000000150dd000 6407       1       com.mysql.cj.protocol.a.NativeServerSession::isAutoCommit (5 bytes)
Event: 2916.761 Thread 0x00000000150dd000 nmethod 6407 0x0000000002e37c50 code [0x0000000002e37da0, 0x0000000002e37eb0]
Event: 2916.763 Thread 0x00000000150dc800 6408       4       ch.qos.logback.classic.Logger::isTraceEnabled (77 bytes)
Event: 2916.772 Thread 0x00000000150dc800 nmethod 6408 0x0000000002e3e410 code [0x0000000002e3e5a0, 0x0000000002e3e968]

GC Heap History (10 events):
Event: 460.306 GC heap before
{Heap before GC invocations=15 (full 3):
 PSYoungGen      total 224768K, used 4738K [0x00000000eb500000, 0x00000000fa900000, 0x0000000100000000)
  eden space 214016K, 0% used [0x00000000eb500000,0x00000000eb500000,0x00000000f8600000)
  from space 10752K, 44% used [0x00000000f9e80000,0x00000000fa320840,0x00000000fa900000)
  to   space 17920K, 0% used [0x00000000f8600000,0x00000000f8600000,0x00000000f9780000)
 ParOldGen       total 49152K, used 31655K [0x00000000c1e00000, 0x00000000c4e00000, 0x00000000eb500000)
  object space 49152K, 64% used [0x00000000c1e00000,0x00000000c3ce9d10,0x00000000c4e00000)
 Metaspace       used 56407K, capacity 58962K, committed 59096K, reserved 1099776K
  class space    used 7782K, capacity 8221K, committed 8320K, reserved 1048576K
Event: 460.515 GC heap after
Heap after GC invocations=15 (full 3):
 PSYoungGen      total 224768K, used 0K [0x00000000eb500000, 0x00000000fa900000, 0x0000000100000000)
  eden space 214016K, 0% used [0x00000000eb500000,0x00000000eb500000,0x00000000f8600000)
  from space 10752K, 0% used [0x00000000f9e80000,0x00000000f9e80000,0x00000000fa900000)
  to   space 17920K, 0% used [0x00000000f8600000,0x00000000f8600000,0x00000000f9780000)
 ParOldGen       total 65536K, used 24845K [0x00000000c1e00000, 0x00000000c5e00000, 0x00000000eb500000)
  object space 65536K, 37% used [0x00000000c1e00000,0x00000000c36434a8,0x00000000c5e00000)
 Metaspace       used 56407K, capacity 58962K, committed 59096K, reserved 1099776K
  class space    used 7782K, capacity 8221K, committed 8320K, reserved 1048576K
}
Event: 2264.950 GC heap before
{Heap before GC invocations=16 (full 3):
 PSYoungGen      total 224768K, used 87587K [0x00000000eb500000, 0x00000000fa900000, 0x0000000100000000)
  eden space 214016K, 40% used [0x00000000eb500000,0x00000000f0a88f00,0x00000000f8600000)
  from space 10752K, 0% used [0x00000000f9e80000,0x00000000f9e80000,0x00000000fa900000)
  to   space 17920K, 0% used [0x00000000f8600000,0x00000000f8600000,0x00000000f9780000)
 ParOldGen       total 65536K, used 24845K [0x00000000c1e00000, 0x00000000c5e00000, 0x00000000eb500000)
  object space 65536K, 37% used [0x00000000c1e00000,0x00000000c36434a8,0x00000000c5e00000)
 Metaspace       used 58914K, capacity 61590K, committed 61824K, reserved 1101824K
  class space    used 8090K, capacity 8566K, committed 8576K, reserved 1048576K
Event: 2264.986 GC heap after
Heap after GC invocations=16 (full 3):
 PSYoungGen      total 231936K, used 2703K [0x00000000eb500000, 0x00000000ff880000, 0x0000000100000000)
  eden space 214016K, 0% used [0x00000000eb500000,0x00000000eb500000,0x00000000f8600000)
  from space 17920K, 15% used [0x00000000f8600000,0x00000000f88a3ee0,0x00000000f9780000)
  to   space 17408K, 0% used [0x00000000fe780000,0x00000000fe780000,0x00000000ff880000)
 ParOldGen       total 65536K, used 24853K [0x00000000c1e00000, 0x00000000c5e00000, 0x00000000eb500000)
  object space 65536K, 37% used [0x00000000c1e00000,0x00000000c36454a8,0x00000000c5e00000)
 Metaspace       used 58914K, capacity 61590K, committed 61824K, reserved 1101824K
  class space    used 8090K, capacity 8566K, committed 8576K, reserved 1048576K
}
Event: 2264.986 GC heap before
{Heap before GC invocations=17 (full 4):
 PSYoungGen      total 231936K, used 2703K [0x00000000eb500000, 0x00000000ff880000, 0x0000000100000000)
  eden space 214016K, 0% used [0x00000000eb500000,0x00000000eb500000,0x00000000f8600000)
  from space 17920K, 15% used [0x00000000f8600000,0x00000000f88a3ee0,0x00000000f9780000)
  to   space 17408K, 0% used [0x00000000fe780000,0x00000000fe780000,0x00000000ff880000)
 ParOldGen       total 65536K, used 24853K [0x00000000c1e00000, 0x00000000c5e00000, 0x00000000eb500000)
  object space 65536K, 37% used [0x00000000c1e00000,0x00000000c36454a8,0x00000000c5e00000)
 Metaspace       used 58914K, capacity 61590K, committed 61824K, reserved 1101824K
  class space    used 8090K, capacity 8566K, committed 8576K, reserved 1048576K
Event: 2265.188 GC heap after
Heap after GC invocations=17 (full 4):
 PSYoungGen      total 231936K, used 0K [0x00000000eb500000, 0x00000000ff880000, 0x0000000100000000)
  eden space 214016K, 0% used [0x00000000eb500000,0x00000000eb500000,0x00000000f8600000)
  from space 17920K, 0% used [0x00000000f8600000,0x00000000f8600000,0x00000000f9780000)
  to   space 17408K, 0% used [0x00000000fe780000,0x00000000fe780000,0x00000000ff880000)
 ParOldGen       total 65536K, used 20234K [0x00000000c1e00000, 0x00000000c5e00000, 0x00000000eb500000)
  object space 65536K, 30% used [0x00000000c1e00000,0x00000000c31c2be0,0x00000000c5e00000)
 Metaspace       used 58702K, capacity 61258K, committed 61824K, reserved 1101824K
  class space    used 8057K, capacity 8506K, committed 8576K, reserved 1048576K
}
Event: 2324.999 GC heap before
{Heap before GC invocations=18 (full 4):
 PSYoungGen      total 231936K, used 149359K [0x00000000eb500000, 0x00000000ff880000, 0x0000000100000000)
  eden space 214016K, 69% used [0x00000000eb500000,0x00000000f46dbd90,0x00000000f8600000)
  from space 17920K, 0% used [0x00000000f8600000,0x00000000f8600000,0x00000000f9780000)
  to   space 17408K, 0% used [0x00000000fe780000,0x00000000fe780000,0x00000000ff880000)
 ParOldGen       total 65536K, used 20234K [0x00000000c1e00000, 0x00000000c5e00000, 0x00000000eb500000)
  object space 65536K, 30% used [0x00000000c1e00000,0x00000000c31c2be0,0x00000000c5e00000)
 Metaspace       used 59419K, capacity 62202K, committed 62464K, reserved 1103872K
  class space    used 8090K, capacity 8585K, committed 8704K, reserved 1048576K
Event: 2325.041 GC heap after
Heap after GC invocations=18 (full 4):
 PSYoungGen      total 311808K, used 6993K [0x00000000eb500000, 0x00000000ff680000, 0x0000000100000000)
  eden space 296448K, 0% used [0x00000000eb500000,0x00000000eb500000,0x00000000fd680000)
  from space 15360K, 45% used [0x00000000fe780000,0x00000000fee54708,0x00000000ff680000)
  to   space 16384K, 0% used [0x00000000fd680000,0x00000000fd680000,0x00000000fe680000)
 ParOldGen       total 65536K, used 20242K [0x00000000c1e00000, 0x00000000c5e00000, 0x00000000eb500000)
  object space 65536K, 30% used [0x00000000c1e00000,0x00000000c31c4be0,0x00000000c5e00000)
 Metaspace       used 59419K, capacity 62202K, committed 62464K, reserved 1103872K
  class space    used 8090K, capacity 8585K, committed 8704K, reserved 1048576K
}
Event: 2325.041 GC heap before
{Heap before GC invocations=19 (full 5):
 PSYoungGen      total 311808K, used 6993K [0x00000000eb500000, 0x00000000ff680000, 0x0000000100000000)
  eden space 296448K, 0% used [0x00000000eb500000,0x00000000eb500000,0x00000000fd680000)
  from space 15360K, 45% used [0x00000000fe780000,0x00000000fee54708,0x00000000ff680000)
  to   space 16384K, 0% used [0x00000000fd680000,0x00000000fd680000,0x00000000fe680000)
 ParOldGen       total 65536K, used 20242K [0x00000000c1e00000, 0x00000000c5e00000, 0x00000000eb500000)
  object space 65536K, 30% used [0x00000000c1e00000,0x00000000c31c4be0,0x00000000c5e00000)
 Metaspace       used 59419K, capacity 62202K, committed 62464K, reserved 1103872K
  class space    used 8090K, capacity 8585K, committed 8704K, reserved 1048576K
Event: 2325.305 GC heap after
Heap after GC invocations=19 (full 5):
 PSYoungGen      total 311808K, used 0K [0x00000000eb500000, 0x00000000ff680000, 0x0000000100000000)
  eden space 296448K, 0% used [0x00000000eb500000,0x00000000eb500000,0x00000000fd680000)
  from space 15360K, 0% used [0x00000000fe780000,0x00000000fe780000,0x00000000ff680000)
  to   space 16384K, 0% used [0x00000000fd680000,0x00000000fd680000,0x00000000fe680000)
 ParOldGen       total 65536K, used 24198K [0x00000000c1e00000, 0x00000000c5e00000, 0x00000000eb500000)
  object space 65536K, 36% used [0x00000000c1e00000,0x00000000c35a1a90,0x00000000c5e00000)
 Metaspace       used 59419K, capacity 62202K, committed 62464K, reserved 1103872K
  class space    used 8090K, capacity 8585K, committed 8704K, reserved 1048576K
}

Deoptimization events (10 events):
Event: 2265.545 Thread 0x000000001ada1000 Uncommon trap: reason=unstable_if action=reinterpret pc=0x00000000039e2080 method=java.lang.ref.SoftReference.get()Ljava/lang/Object; @ 6
Event: 2266.613 Thread 0x000000001ada1000 Uncommon trap: reason=range_check action=make_not_entrant pc=0x000000000393e194 method=java.lang.String.charAt(I)C @ 27
Event: 2266.626 Thread 0x000000001ada1000 Uncommon trap: reason=unstable_if action=reinterpret pc=0x00000000039cb4d0 method=java.lang.ref.SoftReference.get()Ljava/lang/Object; @ 6
Event: 2266.702 Thread 0x000000001ada1000 Uncommon trap: reason=bimorphic action=maybe_recompile pc=0x0000000003519000 method=java.util.Collections$SetFromMap.contains(Ljava/lang/Object;)Z @ 5
Event: 2266.766 Thread 0x000000001ada1000 Uncommon trap: reason=bimorphic action=maybe_recompile pc=0x0000000003519000 method=java.util.Collections$SetFromMap.contains(Ljava/lang/Object;)Z @ 5
Event: 2267.525 Thread 0x000000001ada1000 Uncommon trap: reason=class_check action=maybe_recompile pc=0x0000000003639cf0 method=java.util.concurrent.ConcurrentMap.computeIfAbsent(Ljava/lang/Object;Ljava/util/function/Function;)Ljava/lang/Object; @ 7
Event: 2268.155 Thread 0x000000001ada1000 Uncommon trap: reason=unstable_if action=reinterpret pc=0x00000000032ba28c method=java.util.WeakHashMap.put(Ljava/lang/Object;Ljava/lang/Object;)Ljava/lang/Object; @ 47
Event: 2326.532 Thread 0x000000001ada5000 Uncommon trap: reason=class_check action=maybe_recompile pc=0x0000000003639cf0 method=java.util.concurrent.ConcurrentMap.computeIfAbsent(Ljava/lang/Object;Ljava/util/function/Function;)Ljava/lang/Object; @ 7
Event: 2915.930 Thread 0x000000001ada8800 Uncommon trap: reason=unstable_if action=reinterpret pc=0x000000000387711c method=java.io.File.listFiles()[Ljava/io/File; @ 6
Event: 2916.338 Thread 0x000000001ada8800 Uncommon trap: reason=unstable_if action=reinterpret pc=0x0000000002d93558 method=java.io.File.listFiles()[Ljava/io/File; @ 6

Internal exceptions (10 events):
Event: 2326.306 Thread 0x000000001ada5000 Implicit null exception at 0x000000000357a04d to 0x000000000357a5bc
Event: 2326.306 Thread 0x000000001ada5000 Exception <a 'java/lang/NullPointerException'> (0x00000000f160c9f0) thrown at [C:\re\workspace\8-2-build-windows-amd64-cygwin\jdk8u131\8869\hotspot\src\share\vm\runtime\sharedRuntime.cpp, line 605]
Event: 2326.306 Thread 0x000000001ada5000 Implicit null exception at 0x000000000357a04d to 0x000000000357a5bc
Event: 2326.306 Thread 0x000000001ada5000 Exception <a 'java/lang/NullPointerException'> (0x00000000f160dfa0) thrown at [C:\re\workspace\8-2-build-windows-amd64-cygwin\jdk8u131\8869\hotspot\src\share\vm\runtime\sharedRuntime.cpp, line 605]
Event: 2326.306 Thread 0x000000001ada5000 Implicit null exception at 0x000000000357a04d to 0x000000000357a5bc
Event: 2326.306 Thread 0x000000001ada5000 Exception <a 'java/lang/NullPointerException'> (0x00000000f160ed50) thrown at [C:\re\workspace\8-2-build-windows-amd64-cygwin\jdk8u131\8869\hotspot\src\share\vm\runtime\sharedRuntime.cpp, line 605]
Event: 2326.842 Thread 0x000000001ada5000 Exception <a 'java/lang/ClassNotFoundException': java/lang/ObjectCustomizer> (0x00000000f4218c50) thrown at [C:\re\workspace\8-2-build-windows-amd64-cygwin\jdk8u131\8869\hotspot\src\share\vm\classfile\systemDictionary.cpp, line 210]
Event: 2326.843 Thread 0x000000001ada5000 Exception <a 'java/lang/ClassNotFoundException': com/produtos/apirest/models/ProdutoCustomizer> (0x00000000f422f408) thrown at [C:\re\workspace\8-2-build-windows-amd64-cygwin\jdk8u131\8869\hotspot\src\share\vm\classfile\systemDictionary.cpp, line 210]
Event: 2915.930 Thread 0x000000001ada8800 Implicit null exception at 0x0000000003873127 to 0x00000000038770fd
Event: 2916.338 Thread 0x000000001ada8800 Implicit null exception at 0x0000000002d93287 to 0x0000000002d93545

Events (10 events):
Event: 2916.762 Executing VM operation: RevokeBias done
Event: 2916.762 Executing VM operation: BulkRevokeBias
Event: 2916.762 Executing VM operation: BulkRevokeBias done
Event: 2916.762 Executing VM operation: BulkRevokeBias
Event: 2916.762 Executing VM operation: BulkRevokeBias done
Event: 2916.763 Executing VM operation: RevokeBias
Event: 2916.763 Executing VM operation: RevokeBias done
Event: 2916.763 Thread 0x000000001ae0a800 Thread exited: 0x000000001ae0a800
Event: 2916.764 Executing VM operation: RevokeBias
Event: 2916.764 Executing VM operation: RevokeBias done


Dynamic libraries:
0x00007ff6bdbb0000 - 0x00007ff6bdbe7000 	C:\Program Files\Java\jre1.8.0_131\bin\javaw.exe
0x00007ffd0b450000 - 0x00007ffd0b631000 	C:\WINDOWS\SYSTEM32\ntdll.dll
0x00007ffcf3720000 - 0x00007ffcf3734000 	C:\Program Files\AVAST Software\Avast\x64\aswhooka.dll
0x00007ffd0a420000 - 0x00007ffd0a4d2000 	C:\WINDOWS\System32\KERNEL32.DLL
0x00007ffd08610000 - 0x00007ffd08883000 	C:\WINDOWS\System32\KERNELBASE.dll
0x00007ffd0a4e0000 - 0x00007ffd0a581000 	C:\WINDOWS\System32\ADVAPI32.dll
0x00007ffd0b290000 - 0x00007ffd0b32e000 	C:\WINDOWS\System32\msvcrt.dll
0x00007ffd0aa10000 - 0x00007ffd0aa6b000 	C:\WINDOWS\System32\sechost.dll
0x00007ffd08d00000 - 0x00007ffd08e24000 	C:\WINDOWS\System32\RPCRT4.dll
0x00007ffd0ab50000 - 0x00007ffd0ace0000 	C:\WINDOWS\System32\USER32.dll
0x00007ffd08320000 - 0x00007ffd08340000 	C:\WINDOWS\System32\win32u.dll
0x00007ffd0a3f0000 - 0x00007ffd0a418000 	C:\WINDOWS\System32\GDI32.dll
0x00007ffd08340000 - 0x00007ffd084d2000 	C:\WINDOWS\System32\gdi32full.dll
0x00007ffd07a70000 - 0x00007ffd07b0f000 	C:\WINDOWS\System32\msvcp_win.dll
0x00007ffd08220000 - 0x00007ffd0831a000 	C:\WINDOWS\System32\ucrtbase.dll
0x00007ffcf9570000 - 0x00007ffcf97d9000 	C:\WINDOWS\WinSxS\amd64_microsoft.windows.common-controls_6595b64144ccf1df_6.0.17134.345_none_fb429a5930656358\COMCTL32.dll
0x00007ffd0a660000 - 0x00007ffd0a983000 	C:\WINDOWS\System32\combase.dll
0x00007ffd084e0000 - 0x00007ffd0855a000 	C:\WINDOWS\System32\bcryptPrimitives.dll
0x00007ffd0a590000 - 0x00007ffd0a5bd000 	C:\WINDOWS\System32\IMM32.DLL
0x000000006e110000 - 0x000000006e1e2000 	C:\Program Files\Java\jre1.8.0_131\bin\msvcr100.dll
0x000000006e1f0000 - 0x000000006ea8c000 	C:\Program Files\Java\jre1.8.0_131\bin\server\jvm.dll
0x00007ffd08b60000 - 0x00007ffd08b68000 	C:\WINDOWS\System32\PSAPI.DLL
0x00007ffce70f0000 - 0x00007ffce70f9000 	C:\WINDOWS\SYSTEM32\WSOCK32.dll
0x00007ffd0a990000 - 0x00007ffd0a9fc000 	C:\WINDOWS\System32\WS2_32.dll
0x00007ffd053f0000 - 0x00007ffd05413000 	C:\WINDOWS\SYSTEM32\WINMM.dll
0x00007ffcfa7a0000 - 0x00007ffcfa7aa000 	C:\WINDOWS\SYSTEM32\VERSION.dll
0x00007ffd04df0000 - 0x00007ffd04e1a000 	C:\WINDOWS\SYSTEM32\WINMMBASE.dll
0x00007ffd08890000 - 0x00007ffd088d9000 	C:\WINDOWS\System32\cfgmgr32.dll
0x000000006e100000 - 0x000000006e10f000 	C:\Program Files\Java\jre1.8.0_131\bin\verify.dll
0x000000006e0d0000 - 0x000000006e0f9000 	C:\Program Files\Java\jre1.8.0_131\bin\java.dll
0x000000006e0b0000 - 0x000000006e0c6000 	C:\Program Files\Java\jre1.8.0_131\bin\zip.dll
0x00007ffd08e30000 - 0x00007ffd0a26f000 	C:\WINDOWS\System32\SHELL32.dll
0x00007ffd08b70000 - 0x00007ffd08c19000 	C:\WINDOWS\System32\shcore.dll
0x00007ffd07b10000 - 0x00007ffd0821d000 	C:\WINDOWS\System32\windows.storage.dll
0x00007ffd088e0000 - 0x00007ffd08931000 	C:\WINDOWS\System32\shlwapi.dll
0x00007ffd07770000 - 0x00007ffd07781000 	C:\WINDOWS\System32\kernel.appcore.dll
0x00007ffd07790000 - 0x00007ffd077af000 	C:\WINDOWS\System32\profapi.dll
0x00007ffd077d0000 - 0x00007ffd0781c000 	C:\WINDOWS\System32\powrprof.dll
0x00007ffd07760000 - 0x00007ffd0776a000 	C:\WINDOWS\System32\FLTLIB.DLL
0x000000006e020000 - 0x000000006e02d000 	C:\Program Files\Java\jre1.8.0_131\bin\management.dll
0x000000006e090000 - 0x000000006e0aa000 	C:\Program Files\Java\jre1.8.0_131\bin\net.dll
0x00007ffd06fe0000 - 0x00007ffd07046000 	C:\WINDOWS\system32\mswsock.dll
0x00007ffd03610000 - 0x00007ffd03626000 	C:\WINDOWS\system32\napinsp.dll
0x00007ffcff9f0000 - 0x00007ffcffa0a000 	C:\WINDOWS\system32\pnrpnsp.dll
0x00007ffd040b0000 - 0x00007ffd040c9000 	C:\WINDOWS\system32\NLAapi.dll
0x00007ffd06da0000 - 0x00007ffd06e5e000 	C:\WINDOWS\SYSTEM32\DNSAPI.dll
0x00007ffd0ab40000 - 0x00007ffd0ab48000 	C:\WINDOWS\System32\NSI.dll
0x00007ffd06d60000 - 0x00007ffd06d98000 	C:\WINDOWS\SYSTEM32\IPHLPAPI.DLL
0x00007ffcff9e0000 - 0x00007ffcff9ee000 	C:\WINDOWS\System32\winrnr.dll
0x00007ffcffa40000 - 0x00007ffcffa55000 	C:\WINDOWS\System32\wshbth.dll
0x00007ffcfeaf0000 - 0x00007ffcfeafa000 	C:\Windows\System32\rasadhlp.dll
0x00007ffcfebf0000 - 0x00007ffcfec62000 	C:\WINDOWS\System32\fwpuclnt.dll
0x00007ffd072c0000 - 0x00007ffd072e5000 	C:\WINDOWS\SYSTEM32\bcrypt.dll
0x000000006e070000 - 0x000000006e081000 	C:\Program Files\Java\jre1.8.0_131\bin\nio.dll
0x00007ffd07190000 - 0x00007ffd071a7000 	C:\WINDOWS\SYSTEM32\CRYPTSP.dll
0x00007ffd06b60000 - 0x00007ffd06b93000 	C:\WINDOWS\system32\rsaenh.dll
0x00007ffd07660000 - 0x00007ffd07688000 	C:\WINDOWS\SYSTEM32\USERENV.dll
0x00007ffd071b0000 - 0x00007ffd071bb000 	C:\WINDOWS\SYSTEM32\CRYPTBASE.dll
0x00007ffcff790000 - 0x00007ffcff7a6000 	C:\WINDOWS\SYSTEM32\dhcpcsvc6.DLL
0x00007ffcff840000 - 0x00007ffcff85a000 	C:\WINDOWS\SYSTEM32\dhcpcsvc.DLL

VM Arguments:
jvm_args: -Dfile.encoding=UTF-8 
java_command: com.produtos.apirest.ApirestApplication
java_class_path (initial): C:\Program Files\Java\jre1.8.0_131\lib\resources.jar;C:\Program Files\Java\jre1.8.0_131\lib\rt.jar;C:\Program Files\Java\jre1.8.0_131\lib\jsse.jar;C:\Program Files\Java\jre1.8.0_131\lib\jce.jar;C:\Program Files\Java\jre1.8.0_131\lib\charsets.jar;C:\Program Files\Java\jre1.8.0_131\lib\jfr.jar;C:\Program Files\Java\jre1.8.0_131\lib\ext\access-bridge-64.jar;C:\Program Files\Java\jre1.8.0_131\lib\ext\cldrdata.jar;C:\Program Files\Java\jre1.8.0_131\lib\ext\dnsns.jar;C:\Program Files\Java\jre1.8.0_131\lib\ext\jaccess.jar;C:\Program Files\Java\jre1.8.0_131\lib\ext\jfxrt.jar;C:\Program Files\Java\jre1.8.0_131\lib\ext\localedata.jar;C:\Program Files\Java\jre1.8.0_131\lib\ext\nashorn.jar;C:\Program Files\Java\jre1.8.0_131\lib\ext\sunec.jar;C:\Program Files\Java\jre1.8.0_131\lib\ext\sunjce_provider.jar;C:\Program Files\Java\jre1.8.0_131\lib\ext\sunmscapi.jar;C:\Program Files\Java\jre1.8.0_131\lib\ext\sunpkcs11.jar;C:\Program Files\Java\jre1.8.0_131\lib\ext\zipfs.jar;C:\Users\Diego Souza\Documents\workspace\apirest\target\classes;C:\Users\Diego Souza\.m2\repository\org\springframework\boot\spring-boot-starter-data-jpa\2.1.0.RELEASE\spring-boot-starter-data-jpa-2.1.0.RELEASE.jar;C:\Users\Diego Souza\.m2\repository\org\springframework\boot\spring-boot-starter-aop\2.1.0.RELEASE\spring-boot-starter-aop-2.1.0.RELEASE.jar;C:\Users\Diego Souza\.m2\repository\org\springframework\spring-aop\5.1.2.RELEASE\spring-aop-5.1.2.RELEASE.jar;C:\Users\Diego Souza\.m2\repository\org\aspectj\aspectjweaver\1.9.2\aspectjweaver-1.9.2.jar;C:\Users\Diego Souza\.m2\repository\org\springframework\boot\spring-boot-starter-jdbc\2.1.0.RELEASE\spring-boot-starter-jdbc-2.1.0.RELEASE.jar;C:\Users\Diego Souza\.m2\repository\com\zaxxer\HikariCP\3.2.0\HikariCP-3.2.0.jar;C:\Users\Diego Souza\.m2\repository\org\springframework\spring-jdbc\5.1.2.RELEASE\spring-jdbc-5.1.2.RELEASE.jar;C:\Users\Diego Souza\.m2\repository\javax\transaction\javax.transaction-api\1.3\javax.transaction-api-1.3.j
Launcher Type: SUN_STANDARD

Environment Variables:
JAVA_HOME=C:\Program Files\Java\jdk1.8.0_131
PATH=C:/Program Files/Java/jre1.8.0_131/bin/server;C:/Program Files/Java/jre1.8.0_131/bin;C:/Program Files/Java/jre1.8.0_131/lib/amd64;C:\ProgramData\Oracle\Java\javapath;C:\WINDOWS\system32;C:\WINDOWS;C:\WINDOWS\System32\Wbem;C:\WINDOWS\System32\WindowsPowerShell\v1.0\;C:\WINDOWS\System32\OpenSSH\;C:\Ambiente\apache-maven-3.5.4\bin;C:\Users\Diego Souza\AppData\Local\Programs\Python\Python36-32\Scripts\;C:\Users\Diego Souza\AppData\Local\Programs\Python\Python36-32\;C:\Users\Diego Souza\AppData\Local\Microsoft\WindowsApps;C:\Program Files\Microsoft VS Code\bin;C:\Users\Diego Souza\Desktop;
USERNAME=Diego Souza
OS=Windows_NT
PROCESSOR_IDENTIFIER=Intel64 Family 6 Model 58 Stepping 9, GenuineIntel



---------------  S Y S T E M  ---------------

OS: Windows 10.0 , 64 bit Build 17134 (10.0.17134.1)

CPU:total 4 (initial active 4) (2 cores per cpu, 2 threads per core) family 6 model 58 stepping 9, cmov, cx8, fxsr, mmx, sse, sse2, sse3, ssse3, sse4.1, sse4.2, popcnt, avx, clmul, erms, ht, tsc, tscinvbit, tscinv

Memory: 4k page, physical 4065108k(427768k free), swap 4065108k(1200k free)

vm_info: Java HotSpot(TM) 64-Bit Server VM (25.131-b11) for windows-amd64 JRE (1.8.0_131-b11), built on Mar 15 2017 01:23:53 by "java_re" with MS VC++ 10.0 (VS2010)

time: Thu Nov 08 00:26:58 2018
elapsed time: 2916 seconds (0d 0h 48m 36s)

